ARM GAS  C:\Users\CAROLI~1\AppData\Local\Temp\ccX1RTOJ.s 			page 1


   1              		.cpu cortex-m0
   2              		.fpu softvfp
   3              		.eabi_attribute 20, 1
   4              		.eabi_attribute 21, 1
   5              		.eabi_attribute 23, 3
   6              		.eabi_attribute 24, 1
   7              		.eabi_attribute 25, 1
   8              		.eabi_attribute 26, 1
   9              		.eabi_attribute 30, 6
  10              		.eabi_attribute 34, 0
  11              		.eabi_attribute 18, 4
  12              		.code	16
  13              		.file	"cyfitter_cfg.c"
  14              		.text
  15              	.Ltext0:
  16              		.cfi_sections	.debug_frame
  17              		.section	.text.CYMEMZERO,"ax",%progbits
  18              		.align	2
  19              		.code	16
  20              		.thumb_func
  21              		.type	CYMEMZERO, %function
  22              	CYMEMZERO:
  23              	.LFB0:
  24              		.file 1 ".\\Generated_Source\\PSoC4\\cyfitter_cfg.c"
   1:.\Generated_Source\PSoC4/cyfitter_cfg.c **** /*******************************************************************************
   2:.\Generated_Source\PSoC4/cyfitter_cfg.c **** * FILENAME: cyfitter_cfg.c
   3:.\Generated_Source\PSoC4/cyfitter_cfg.c **** * PSoC Creator 3.0 Component Pack 7
   4:.\Generated_Source\PSoC4/cyfitter_cfg.c **** *
   5:.\Generated_Source\PSoC4/cyfitter_cfg.c **** * Description:
   6:.\Generated_Source\PSoC4/cyfitter_cfg.c **** * This file is automatically generated by PSoC Creator with device 
   7:.\Generated_Source\PSoC4/cyfitter_cfg.c **** * initialization code.  Except for the user defined sections in
   8:.\Generated_Source\PSoC4/cyfitter_cfg.c **** * CyClockStartupError(), this file should not be modified.
   9:.\Generated_Source\PSoC4/cyfitter_cfg.c **** *
  10:.\Generated_Source\PSoC4/cyfitter_cfg.c **** ********************************************************************************
  11:.\Generated_Source\PSoC4/cyfitter_cfg.c **** * Copyright 2013, Cypress Semiconductor Corporation.  All rights reserved.
  12:.\Generated_Source\PSoC4/cyfitter_cfg.c **** * You may use this file only in accordance with the license, terms, conditions, 
  13:.\Generated_Source\PSoC4/cyfitter_cfg.c **** * disclaimers, and limitations in the end user license agreement accompanying 
  14:.\Generated_Source\PSoC4/cyfitter_cfg.c **** * the software package with which this file was provided.
  15:.\Generated_Source\PSoC4/cyfitter_cfg.c **** ********************************************************************************/
  16:.\Generated_Source\PSoC4/cyfitter_cfg.c **** 
  17:.\Generated_Source\PSoC4/cyfitter_cfg.c **** #include <string.h>
  18:.\Generated_Source\PSoC4/cyfitter_cfg.c **** #include <cytypes.h>
  19:.\Generated_Source\PSoC4/cyfitter_cfg.c **** #include <cydevice_trm.h>
  20:.\Generated_Source\PSoC4/cyfitter_cfg.c **** #include <cyfitter.h>
  21:.\Generated_Source\PSoC4/cyfitter_cfg.c **** #include <CyLib.h>
  22:.\Generated_Source\PSoC4/cyfitter_cfg.c **** #include <cyfitter_cfg.h>
  23:.\Generated_Source\PSoC4/cyfitter_cfg.c **** 
  24:.\Generated_Source\PSoC4/cyfitter_cfg.c **** 
  25:.\Generated_Source\PSoC4/cyfitter_cfg.c **** #if defined(__GNUC__) || defined(__ARMCC_VERSION)
  26:.\Generated_Source\PSoC4/cyfitter_cfg.c ****     #define CYPACKED 
  27:.\Generated_Source\PSoC4/cyfitter_cfg.c ****     #define CYPACKED_ATTR __attribute__ ((packed))
  28:.\Generated_Source\PSoC4/cyfitter_cfg.c ****     #define CYALIGNED __attribute__ ((aligned))
  29:.\Generated_Source\PSoC4/cyfitter_cfg.c ****     #define CY_CFG_UNUSED __attribute__ ((unused))
  30:.\Generated_Source\PSoC4/cyfitter_cfg.c ****     #define CY_CFG_SECTION __attribute__ ((section(".psocinit")))
  31:.\Generated_Source\PSoC4/cyfitter_cfg.c ****     
  32:.\Generated_Source\PSoC4/cyfitter_cfg.c ****     #if defined(__ARMCC_VERSION)
  33:.\Generated_Source\PSoC4/cyfitter_cfg.c ****         #define CY_CFG_MEMORY_BARRIER() __memory_changed()
ARM GAS  C:\Users\CAROLI~1\AppData\Local\Temp\ccX1RTOJ.s 			page 2


  34:.\Generated_Source\PSoC4/cyfitter_cfg.c ****     #else
  35:.\Generated_Source\PSoC4/cyfitter_cfg.c ****         #define CY_CFG_MEMORY_BARRIER() __sync_synchronize()
  36:.\Generated_Source\PSoC4/cyfitter_cfg.c ****     #endif
  37:.\Generated_Source\PSoC4/cyfitter_cfg.c ****     
  38:.\Generated_Source\PSoC4/cyfitter_cfg.c **** #elif defined(__ICCARM__)
  39:.\Generated_Source\PSoC4/cyfitter_cfg.c ****     #include <intrinsics.h>
  40:.\Generated_Source\PSoC4/cyfitter_cfg.c **** 
  41:.\Generated_Source\PSoC4/cyfitter_cfg.c ****     #define CYPACKED __packed
  42:.\Generated_Source\PSoC4/cyfitter_cfg.c ****     #define CYPACKED_ATTR 
  43:.\Generated_Source\PSoC4/cyfitter_cfg.c ****     #define CYALIGNED _Pragma("data_alignment=4")
  44:.\Generated_Source\PSoC4/cyfitter_cfg.c ****     #define CY_CFG_UNUSED _Pragma("diag_suppress=Pe177")
  45:.\Generated_Source\PSoC4/cyfitter_cfg.c ****     #define CY_CFG_SECTION _Pragma("location=\".psocinit\"")
  46:.\Generated_Source\PSoC4/cyfitter_cfg.c ****     
  47:.\Generated_Source\PSoC4/cyfitter_cfg.c ****     #define CY_CFG_MEMORY_BARRIER() __DMB()
  48:.\Generated_Source\PSoC4/cyfitter_cfg.c ****     
  49:.\Generated_Source\PSoC4/cyfitter_cfg.c **** #else
  50:.\Generated_Source\PSoC4/cyfitter_cfg.c ****     #error Unsupported toolchain
  51:.\Generated_Source\PSoC4/cyfitter_cfg.c **** #endif
  52:.\Generated_Source\PSoC4/cyfitter_cfg.c **** 
  53:.\Generated_Source\PSoC4/cyfitter_cfg.c **** 
  54:.\Generated_Source\PSoC4/cyfitter_cfg.c **** CY_CFG_UNUSED
  55:.\Generated_Source\PSoC4/cyfitter_cfg.c **** static void CYMEMZERO(void *s, size_t n);
  56:.\Generated_Source\PSoC4/cyfitter_cfg.c **** CY_CFG_UNUSED
  57:.\Generated_Source\PSoC4/cyfitter_cfg.c **** static void CYMEMZERO(void *s, size_t n)
  58:.\Generated_Source\PSoC4/cyfitter_cfg.c **** {
  25              		.loc 1 58 0
  26              		.cfi_startproc
  27 0000 80B5     		push	{r7, lr}
  28              	.LCFI0:
  29              		.cfi_def_cfa_offset 8
  30              		.cfi_offset 7, -8
  31              		.cfi_offset 14, -4
  32 0002 82B0     		sub	sp, sp, #8
  33              	.LCFI1:
  34              		.cfi_def_cfa_offset 16
  35 0004 00AF     		add	r7, sp, #0
  36              	.LCFI2:
  37              		.cfi_def_cfa_register 7
  38 0006 7860     		str	r0, [r7, #4]
  39 0008 3960     		str	r1, [r7]
  59:.\Generated_Source\PSoC4/cyfitter_cfg.c **** 	(void)memset(s, 0, n);
  40              		.loc 1 59 0
  41 000a 7A68     		ldr	r2, [r7, #4]
  42 000c 3B68     		ldr	r3, [r7]
  43 000e 101C     		mov	r0, r2
  44 0010 0021     		mov	r1, #0
  45 0012 1A1C     		mov	r2, r3
  46 0014 FFF7FEFF 		bl	memset
  60:.\Generated_Source\PSoC4/cyfitter_cfg.c **** }
  47              		.loc 1 60 0
  48 0018 BD46     		mov	sp, r7
  49 001a 02B0     		add	sp, sp, #8
  50              		@ sp needed for prologue
  51 001c 80BD     		pop	{r7, pc}
  52              		.cfi_endproc
  53              	.LFE0:
  54              		.size	CYMEMZERO, .-CYMEMZERO
ARM GAS  C:\Users\CAROLI~1\AppData\Local\Temp\ccX1RTOJ.s 			page 3


  55 001e C046     		.section	.text.CYCONFIGCPY,"ax",%progbits
  56              		.align	2
  57              		.code	16
  58              		.thumb_func
  59              		.type	CYCONFIGCPY, %function
  60              	CYCONFIGCPY:
  61              	.LFB1:
  61:.\Generated_Source\PSoC4/cyfitter_cfg.c **** CY_CFG_UNUSED
  62:.\Generated_Source\PSoC4/cyfitter_cfg.c **** static void CYCONFIGCPY(void *dest, const void *src, size_t n);
  63:.\Generated_Source\PSoC4/cyfitter_cfg.c **** CY_CFG_UNUSED
  64:.\Generated_Source\PSoC4/cyfitter_cfg.c **** static void CYCONFIGCPY(void *dest, const void *src, size_t n)
  65:.\Generated_Source\PSoC4/cyfitter_cfg.c **** {
  62              		.loc 1 65 0
  63              		.cfi_startproc
  64 0000 80B5     		push	{r7, lr}
  65              	.LCFI3:
  66              		.cfi_def_cfa_offset 8
  67              		.cfi_offset 7, -8
  68              		.cfi_offset 14, -4
  69 0002 84B0     		sub	sp, sp, #16
  70              	.LCFI4:
  71              		.cfi_def_cfa_offset 24
  72 0004 00AF     		add	r7, sp, #0
  73              	.LCFI5:
  74              		.cfi_def_cfa_register 7
  75 0006 F860     		str	r0, [r7, #12]
  76 0008 B960     		str	r1, [r7, #8]
  77 000a 7A60     		str	r2, [r7, #4]
  66:.\Generated_Source\PSoC4/cyfitter_cfg.c **** 	(void)memcpy(dest, src, n);
  78              		.loc 1 66 0
  79 000c F968     		ldr	r1, [r7, #12]
  80 000e BA68     		ldr	r2, [r7, #8]
  81 0010 7B68     		ldr	r3, [r7, #4]
  82 0012 081C     		mov	r0, r1
  83 0014 111C     		mov	r1, r2
  84 0016 1A1C     		mov	r2, r3
  85 0018 FFF7FEFF 		bl	memcpy
  67:.\Generated_Source\PSoC4/cyfitter_cfg.c **** }
  86              		.loc 1 67 0
  87 001c BD46     		mov	sp, r7
  88 001e 04B0     		add	sp, sp, #16
  89              		@ sp needed for prologue
  90 0020 80BD     		pop	{r7, pc}
  91              		.cfi_endproc
  92              	.LFE1:
  93              		.size	CYCONFIGCPY, .-CYCONFIGCPY
  94 0022 C046     		.section	.text.CYCONFIGCPYCODE,"ax",%progbits
  95              		.align	2
  96              		.code	16
  97              		.thumb_func
  98              		.type	CYCONFIGCPYCODE, %function
  99              	CYCONFIGCPYCODE:
 100              	.LFB2:
  68:.\Generated_Source\PSoC4/cyfitter_cfg.c **** CY_CFG_UNUSED
  69:.\Generated_Source\PSoC4/cyfitter_cfg.c **** static void CYCONFIGCPYCODE(void *dest, const void *src, size_t n);
  70:.\Generated_Source\PSoC4/cyfitter_cfg.c **** CY_CFG_UNUSED
  71:.\Generated_Source\PSoC4/cyfitter_cfg.c **** static void CYCONFIGCPYCODE(void *dest, const void *src, size_t n)
ARM GAS  C:\Users\CAROLI~1\AppData\Local\Temp\ccX1RTOJ.s 			page 4


  72:.\Generated_Source\PSoC4/cyfitter_cfg.c **** {
 101              		.loc 1 72 0
 102              		.cfi_startproc
 103 0000 80B5     		push	{r7, lr}
 104              	.LCFI6:
 105              		.cfi_def_cfa_offset 8
 106              		.cfi_offset 7, -8
 107              		.cfi_offset 14, -4
 108 0002 84B0     		sub	sp, sp, #16
 109              	.LCFI7:
 110              		.cfi_def_cfa_offset 24
 111 0004 00AF     		add	r7, sp, #0
 112              	.LCFI8:
 113              		.cfi_def_cfa_register 7
 114 0006 F860     		str	r0, [r7, #12]
 115 0008 B960     		str	r1, [r7, #8]
 116 000a 7A60     		str	r2, [r7, #4]
  73:.\Generated_Source\PSoC4/cyfitter_cfg.c **** 	(void)memcpy(dest, src, n);
 117              		.loc 1 73 0
 118 000c F968     		ldr	r1, [r7, #12]
 119 000e BA68     		ldr	r2, [r7, #8]
 120 0010 7B68     		ldr	r3, [r7, #4]
 121 0012 081C     		mov	r0, r1
 122 0014 111C     		mov	r1, r2
 123 0016 1A1C     		mov	r2, r3
 124 0018 FFF7FEFF 		bl	memcpy
  74:.\Generated_Source\PSoC4/cyfitter_cfg.c **** }
 125              		.loc 1 74 0
 126 001c BD46     		mov	sp, r7
 127 001e 04B0     		add	sp, sp, #16
 128              		@ sp needed for prologue
 129 0020 80BD     		pop	{r7, pc}
 130              		.cfi_endproc
 131              	.LFE2:
 132              		.size	CYCONFIGCPYCODE, .-CYCONFIGCPYCODE
 133 0022 C046     		.section	.psocinit,"ax",%progbits
 134              		.align	2
 135              		.code	16
 136              		.thumb_func
 137              		.type	SetIMOBGTrims, %function
 138              	SetIMOBGTrims:
 139              	.LFB3:
  75:.\Generated_Source\PSoC4/cyfitter_cfg.c **** 
  76:.\Generated_Source\PSoC4/cyfitter_cfg.c **** 
  77:.\Generated_Source\PSoC4/cyfitter_cfg.c **** 
  78:.\Generated_Source\PSoC4/cyfitter_cfg.c **** /* Clock startup error codes                                                   */
  79:.\Generated_Source\PSoC4/cyfitter_cfg.c **** #define CYCLOCKSTART_NO_ERROR    0u
  80:.\Generated_Source\PSoC4/cyfitter_cfg.c **** #define CYCLOCKSTART_XTAL_ERROR  1u
  81:.\Generated_Source\PSoC4/cyfitter_cfg.c **** #define CYCLOCKSTART_32KHZ_ERROR 2u
  82:.\Generated_Source\PSoC4/cyfitter_cfg.c **** #define CYCLOCKSTART_PLL_ERROR   3u
  83:.\Generated_Source\PSoC4/cyfitter_cfg.c **** 
  84:.\Generated_Source\PSoC4/cyfitter_cfg.c **** #ifdef CY_NEED_CYCLOCKSTARTUPERROR
  85:.\Generated_Source\PSoC4/cyfitter_cfg.c **** /*******************************************************************************
  86:.\Generated_Source\PSoC4/cyfitter_cfg.c **** * Function Name: CyClockStartupError
  87:.\Generated_Source\PSoC4/cyfitter_cfg.c **** ********************************************************************************
  88:.\Generated_Source\PSoC4/cyfitter_cfg.c **** * Summary:
  89:.\Generated_Source\PSoC4/cyfitter_cfg.c **** *  If an error is encountered during clock configuration (crystal startup error,
ARM GAS  C:\Users\CAROLI~1\AppData\Local\Temp\ccX1RTOJ.s 			page 5


  90:.\Generated_Source\PSoC4/cyfitter_cfg.c **** *  PLL lock error, etc.), the system will end up here.  Unless reimplemented by
  91:.\Generated_Source\PSoC4/cyfitter_cfg.c **** *  the customer, this function will stop in an infinite loop.
  92:.\Generated_Source\PSoC4/cyfitter_cfg.c **** *
  93:.\Generated_Source\PSoC4/cyfitter_cfg.c **** * Parameters:
  94:.\Generated_Source\PSoC4/cyfitter_cfg.c **** *   void
  95:.\Generated_Source\PSoC4/cyfitter_cfg.c **** *
  96:.\Generated_Source\PSoC4/cyfitter_cfg.c **** * Return:
  97:.\Generated_Source\PSoC4/cyfitter_cfg.c **** *   void
  98:.\Generated_Source\PSoC4/cyfitter_cfg.c **** *
  99:.\Generated_Source\PSoC4/cyfitter_cfg.c **** *******************************************************************************/
 100:.\Generated_Source\PSoC4/cyfitter_cfg.c **** CY_CFG_UNUSED
 101:.\Generated_Source\PSoC4/cyfitter_cfg.c **** static void CyClockStartupError(uint8 errorCode);
 102:.\Generated_Source\PSoC4/cyfitter_cfg.c **** CY_CFG_UNUSED
 103:.\Generated_Source\PSoC4/cyfitter_cfg.c **** static void CyClockStartupError(uint8 errorCode)
 104:.\Generated_Source\PSoC4/cyfitter_cfg.c **** {
 105:.\Generated_Source\PSoC4/cyfitter_cfg.c ****     /* To remove the compiler warning if errorCode not used.                */
 106:.\Generated_Source\PSoC4/cyfitter_cfg.c ****     errorCode = errorCode;
 107:.\Generated_Source\PSoC4/cyfitter_cfg.c **** 
 108:.\Generated_Source\PSoC4/cyfitter_cfg.c ****     /* `#START CyClockStartupError` */
 109:.\Generated_Source\PSoC4/cyfitter_cfg.c **** 
 110:.\Generated_Source\PSoC4/cyfitter_cfg.c ****     /* If we have a clock startup error (bad MHz crystal, PLL lock, etc.),  */
 111:.\Generated_Source\PSoC4/cyfitter_cfg.c ****     /* we will end up here to allow the customer to implement something to  */
 112:.\Generated_Source\PSoC4/cyfitter_cfg.c ****     /* deal with the clock condition.                                       */
 113:.\Generated_Source\PSoC4/cyfitter_cfg.c **** 
 114:.\Generated_Source\PSoC4/cyfitter_cfg.c ****     /* `#END` */
 115:.\Generated_Source\PSoC4/cyfitter_cfg.c **** 
 116:.\Generated_Source\PSoC4/cyfitter_cfg.c ****     /* If nothing else, stop here since the clocks have not started         */
 117:.\Generated_Source\PSoC4/cyfitter_cfg.c ****     /* correctly.                                                           */
 118:.\Generated_Source\PSoC4/cyfitter_cfg.c ****     while(1) {}
 119:.\Generated_Source\PSoC4/cyfitter_cfg.c **** }
 120:.\Generated_Source\PSoC4/cyfitter_cfg.c **** #endif
 121:.\Generated_Source\PSoC4/cyfitter_cfg.c **** 
 122:.\Generated_Source\PSoC4/cyfitter_cfg.c **** 
 123:.\Generated_Source\PSoC4/cyfitter_cfg.c **** /*******************************************************************************
 124:.\Generated_Source\PSoC4/cyfitter_cfg.c **** * Function Name: SetIMOBGTrims
 125:.\Generated_Source\PSoC4/cyfitter_cfg.c **** ********************************************************************************
 126:.\Generated_Source\PSoC4/cyfitter_cfg.c **** *
 127:.\Generated_Source\PSoC4/cyfitter_cfg.c **** * Summary:
 128:.\Generated_Source\PSoC4/cyfitter_cfg.c **** *   Performs the configuration of the bandgap trim for the IMO based on the given
 129:.\Generated_Source\PSoC4/cyfitter_cfg.c **** *   expected frequency of the IMO. 
 130:.\Generated_Source\PSoC4/cyfitter_cfg.c **** *
 131:.\Generated_Source\PSoC4/cyfitter_cfg.c **** * Parameters:
 132:.\Generated_Source\PSoC4/cyfitter_cfg.c **** *   imoFreq: Frequency for operation of the IMO.
 133:.\Generated_Source\PSoC4/cyfitter_cfg.c **** *
 134:.\Generated_Source\PSoC4/cyfitter_cfg.c **** * Return:
 135:.\Generated_Source\PSoC4/cyfitter_cfg.c **** *   void
 136:.\Generated_Source\PSoC4/cyfitter_cfg.c **** *
 137:.\Generated_Source\PSoC4/cyfitter_cfg.c **** *******************************************************************************/
 138:.\Generated_Source\PSoC4/cyfitter_cfg.c **** static void SetIMOBGTrims(uint8 imoFreq);
 139:.\Generated_Source\PSoC4/cyfitter_cfg.c **** CY_CFG_SECTION
 140:.\Generated_Source\PSoC4/cyfitter_cfg.c **** static void SetIMOBGTrims(uint8 imoFreq)
 141:.\Generated_Source\PSoC4/cyfitter_cfg.c **** {
 140              		.loc 1 141 0
 141              		.cfi_startproc
 142 0000 80B5     		push	{r7, lr}
 143              	.LCFI9:
 144              		.cfi_def_cfa_offset 8
ARM GAS  C:\Users\CAROLI~1\AppData\Local\Temp\ccX1RTOJ.s 			page 6


 145              		.cfi_offset 7, -8
 146              		.cfi_offset 14, -4
 147 0002 84B0     		sub	sp, sp, #16
 148              	.LCFI10:
 149              		.cfi_def_cfa_offset 24
 150 0004 00AF     		add	r7, sp, #0
 151              	.LCFI11:
 152              		.cfi_def_cfa_register 7
 153 0006 021C     		mov	r2, r0
 154 0008 FB1D     		add	r3, r7, #7
 155 000a 1A70     		strb	r2, [r3]
 142:.\Generated_Source\PSoC4/cyfitter_cfg.c **** 	CYPACKED typedef struct {
 143:.\Generated_Source\PSoC4/cyfitter_cfg.c **** 		uint8 freq;
 144:.\Generated_Source\PSoC4/cyfitter_cfg.c **** 		uint8 absolute;
 145:.\Generated_Source\PSoC4/cyfitter_cfg.c **** 		uint8 tmpco;
 146:.\Generated_Source\PSoC4/cyfitter_cfg.c **** 	} CYPACKED_ATTR imo_trim_entry_t;
 147:.\Generated_Source\PSoC4/cyfitter_cfg.c **** 
 148:.\Generated_Source\PSoC4/cyfitter_cfg.c **** 	CYPACKED typedef struct {
 149:.\Generated_Source\PSoC4/cyfitter_cfg.c **** 		imo_trim_entry_t entries[4];
 150:.\Generated_Source\PSoC4/cyfitter_cfg.c **** 	} CYPACKED_ATTR imo_trim_table_t;
 151:.\Generated_Source\PSoC4/cyfitter_cfg.c **** 
 152:.\Generated_Source\PSoC4/cyfitter_cfg.c **** 	static const imo_trim_table_t *imo_trim_table = (const imo_trim_table_t *)CYREG_SFLASH_IMO_MAXF0;
 153:.\Generated_Source\PSoC4/cyfitter_cfg.c **** 	static const uint32 IMO_TRIM_FREQ_TABLE_ENTRIES = sizeof(imo_trim_table->entries)/sizeof(imo_trim_
 154:.\Generated_Source\PSoC4/cyfitter_cfg.c **** 
 155:.\Generated_Source\PSoC4/cyfitter_cfg.c **** 	int32 imoTrimIndex;
 156:.\Generated_Source\PSoC4/cyfitter_cfg.c **** 	uint8 setAbs;
 157:.\Generated_Source\PSoC4/cyfitter_cfg.c **** 	uint8 setTmpCo;
 158:.\Generated_Source\PSoC4/cyfitter_cfg.c **** 
 159:.\Generated_Source\PSoC4/cyfitter_cfg.c **** 	/* Traverse the SFLASH IMO frequency-dependent bandgap trim table to
 160:.\Generated_Source\PSoC4/cyfitter_cfg.c **** 	 * locate the appropriate value to trim the IMO bandgap based on freq. */
 161:.\Generated_Source\PSoC4/cyfitter_cfg.c **** 	setAbs = CY_GET_REG8((const void *)CYREG_SFLASH_IMO_ABS4);
 156              		.loc 1 161 0
 157 000c 224A     		ldr	r2, .L8
 158 000e 3B1C     		mov	r3, r7
 159 0010 0B33     		add	r3, r3, #11
 160 0012 1278     		ldrb	r2, [r2]
 161 0014 1A70     		strb	r2, [r3]
 162:.\Generated_Source\PSoC4/cyfitter_cfg.c **** 	setTmpCo = CY_GET_REG8((const void *)CYREG_SFLASH_IMO_TMPCO4);
 162              		.loc 1 162 0
 163 0016 214A     		ldr	r2, .L8+4
 164 0018 3B1C     		mov	r3, r7
 165 001a 0A33     		add	r3, r3, #10
 166 001c 1278     		ldrb	r2, [r2]
 167 001e 1A70     		strb	r2, [r3]
 163:.\Generated_Source\PSoC4/cyfitter_cfg.c **** 	for (imoTrimIndex = ((int32)IMO_TRIM_FREQ_TABLE_ENTRIES)-1;
 168              		.loc 1 163 0
 169 0020 1F4B     		ldr	r3, .L8+8
 170 0022 1B68     		ldr	r3, [r3]
 171 0024 013B     		sub	r3, r3, #1
 172 0026 FB60     		str	r3, [r7, #12]
 173 0028 1AE0     		b	.L5
 174              	.L7:
 164:.\Generated_Source\PSoC4/cyfitter_cfg.c **** 	     (imoTrimIndex >= 0) && (imoFreq <= imo_trim_table->entries[imoTrimIndex].freq);
 165:.\Generated_Source\PSoC4/cyfitter_cfg.c **** 	     imoTrimIndex--)
 166:.\Generated_Source\PSoC4/cyfitter_cfg.c **** 	{
 167:.\Generated_Source\PSoC4/cyfitter_cfg.c **** 		setAbs = imo_trim_table->entries[imoTrimIndex].absolute;
 175              		.loc 1 167 0
ARM GAS  C:\Users\CAROLI~1\AppData\Local\Temp\ccX1RTOJ.s 			page 7


 176 002a 1E4B     		ldr	r3, .L8+12
 177 002c 1868     		ldr	r0, [r3]
 178 002e 391C     		mov	r1, r7
 179 0030 0B31     		add	r1, r1, #11
 180 0032 FA68     		ldr	r2, [r7, #12]
 181 0034 131C     		mov	r3, r2
 182 0036 5B00     		lsl	r3, r3, #1
 183 0038 9B18     		add	r3, r3, r2
 184 003a C318     		add	r3, r0, r3
 185 003c 0133     		add	r3, r3, #1
 186 003e 1B78     		ldrb	r3, [r3]
 187 0040 0B70     		strb	r3, [r1]
 168:.\Generated_Source\PSoC4/cyfitter_cfg.c **** 		setTmpCo = imo_trim_table->entries[imoTrimIndex].tmpco;
 188              		.loc 1 168 0
 189 0042 184B     		ldr	r3, .L8+12
 190 0044 1868     		ldr	r0, [r3]
 191 0046 391C     		mov	r1, r7
 192 0048 0A31     		add	r1, r1, #10
 193 004a FA68     		ldr	r2, [r7, #12]
 194 004c 131C     		mov	r3, r2
 195 004e 5B00     		lsl	r3, r3, #1
 196 0050 9B18     		add	r3, r3, r2
 197 0052 C318     		add	r3, r0, r3
 198 0054 0233     		add	r3, r3, #2
 199 0056 1B78     		ldrb	r3, [r3]
 200 0058 0B70     		strb	r3, [r1]
 165:.\Generated_Source\PSoC4/cyfitter_cfg.c **** 	     imoTrimIndex--)
 201              		.loc 1 165 0
 202 005a FB68     		ldr	r3, [r7, #12]
 203 005c 013B     		sub	r3, r3, #1
 204 005e FB60     		str	r3, [r7, #12]
 205              	.L5:
 163:.\Generated_Source\PSoC4/cyfitter_cfg.c **** 	for (imoTrimIndex = ((int32)IMO_TRIM_FREQ_TABLE_ENTRIES)-1;
 206              		.loc 1 163 0 discriminator 1
 207 0060 FB68     		ldr	r3, [r7, #12]
 208 0062 002B     		cmp	r3, #0
 209 0064 0ADB     		blt	.L6
 164:.\Generated_Source\PSoC4/cyfitter_cfg.c **** 	     (imoTrimIndex >= 0) && (imoFreq <= imo_trim_table->entries[imoTrimIndex].freq);
 210              		.loc 1 164 0
 211 0066 0F4B     		ldr	r3, .L8+12
 212 0068 1968     		ldr	r1, [r3]
 213 006a FA68     		ldr	r2, [r7, #12]
 214 006c 131C     		mov	r3, r2
 215 006e 5B00     		lsl	r3, r3, #1
 216 0070 9B18     		add	r3, r3, r2
 217 0072 5B5C     		ldrb	r3, [r3, r1]
 218 0074 FA1D     		add	r2, r7, #7
 219 0076 1278     		ldrb	r2, [r2]
 220 0078 9A42     		cmp	r2, r3
 221 007a D6D9     		bls	.L7
 222              	.L6:
 169:.\Generated_Source\PSoC4/cyfitter_cfg.c **** 	}
 170:.\Generated_Source\PSoC4/cyfitter_cfg.c **** 
 171:.\Generated_Source\PSoC4/cyfitter_cfg.c **** 	CY_SET_REG32((void *)CYREG_PWR_BG_TRIM4, setAbs);
 223              		.loc 1 171 0
 224 007c 0A4B     		ldr	r3, .L8+16
 225 007e 3A1C     		mov	r2, r7
ARM GAS  C:\Users\CAROLI~1\AppData\Local\Temp\ccX1RTOJ.s 			page 8


 226 0080 0B32     		add	r2, r2, #11
 227 0082 1278     		ldrb	r2, [r2]
 228 0084 1A60     		str	r2, [r3]
 172:.\Generated_Source\PSoC4/cyfitter_cfg.c **** 	CY_SET_REG32((void *)CYREG_PWR_BG_TRIM5, setTmpCo);
 229              		.loc 1 172 0
 230 0086 094B     		ldr	r3, .L8+20
 231 0088 3A1C     		mov	r2, r7
 232 008a 0A32     		add	r2, r2, #10
 233 008c 1278     		ldrb	r2, [r2]
 234 008e 1A60     		str	r2, [r3]
 173:.\Generated_Source\PSoC4/cyfitter_cfg.c **** }
 235              		.loc 1 173 0
 236 0090 BD46     		mov	sp, r7
 237 0092 04B0     		add	sp, sp, #16
 238              		@ sp needed for prologue
 239 0094 80BD     		pop	{r7, pc}
 240              	.L9:
 241 0096 C046     		.align	2
 242              	.L8:
 243 0098 CCF1FF0F 		.word	268431820
 244 009c CDF1FF0F 		.word	268431821
 245 00a0 0C000000 		.word	IMO_TRIM_FREQ_TABLE_ENTRIES.4619
 246 00a4 00000000 		.word	imo_trim_table.4618
 247 00a8 1CFF0B40 		.word	1074528028
 248 00ac 20FF0B40 		.word	1074528032
 249              		.cfi_endproc
 250              	.LFE3:
 251              		.size	SetIMOBGTrims, .-SetIMOBGTrims
 252              		.align	2
 253              		.code	16
 254              		.thumb_func
 255              		.type	ClockSetup, %function
 256              	ClockSetup:
 257              	.LFB4:
 174:.\Generated_Source\PSoC4/cyfitter_cfg.c **** 
 175:.\Generated_Source\PSoC4/cyfitter_cfg.c **** 
 176:.\Generated_Source\PSoC4/cyfitter_cfg.c **** 
 177:.\Generated_Source\PSoC4/cyfitter_cfg.c **** /*******************************************************************************
 178:.\Generated_Source\PSoC4/cyfitter_cfg.c **** * Function Name: ClockSetup
 179:.\Generated_Source\PSoC4/cyfitter_cfg.c **** ********************************************************************************
 180:.\Generated_Source\PSoC4/cyfitter_cfg.c **** *
 181:.\Generated_Source\PSoC4/cyfitter_cfg.c **** * Summary:
 182:.\Generated_Source\PSoC4/cyfitter_cfg.c **** *   Performs the initialization of all of the clocks in the device based on the
 183:.\Generated_Source\PSoC4/cyfitter_cfg.c **** *   settings in the Clock tab of the DWR.  This includes enabling the requested
 184:.\Generated_Source\PSoC4/cyfitter_cfg.c **** *   clocks and setting the necessary dividers to produce the desired frequency. 
 185:.\Generated_Source\PSoC4/cyfitter_cfg.c **** *
 186:.\Generated_Source\PSoC4/cyfitter_cfg.c **** * Parameters:
 187:.\Generated_Source\PSoC4/cyfitter_cfg.c **** *   void
 188:.\Generated_Source\PSoC4/cyfitter_cfg.c **** *
 189:.\Generated_Source\PSoC4/cyfitter_cfg.c **** * Return:
 190:.\Generated_Source\PSoC4/cyfitter_cfg.c **** *   void
 191:.\Generated_Source\PSoC4/cyfitter_cfg.c **** *
 192:.\Generated_Source\PSoC4/cyfitter_cfg.c **** *******************************************************************************/
 193:.\Generated_Source\PSoC4/cyfitter_cfg.c **** static void ClockSetup(void);
 194:.\Generated_Source\PSoC4/cyfitter_cfg.c **** CY_CFG_SECTION
 195:.\Generated_Source\PSoC4/cyfitter_cfg.c **** static void ClockSetup(void)
 196:.\Generated_Source\PSoC4/cyfitter_cfg.c **** {
ARM GAS  C:\Users\CAROLI~1\AppData\Local\Temp\ccX1RTOJ.s 			page 9


 258              		.loc 1 196 0
 259              		.cfi_startproc
 260 00b0 80B5     		push	{r7, lr}
 261              	.LCFI12:
 262              		.cfi_def_cfa_offset 8
 263              		.cfi_offset 7, -8
 264              		.cfi_offset 14, -4
 265 00b2 00AF     		add	r7, sp, #0
 266              	.LCFI13:
 267              		.cfi_def_cfa_register 7
 197:.\Generated_Source\PSoC4/cyfitter_cfg.c **** 	/* Enable HALF_EN before trimming for the flash accelerator. */
 198:.\Generated_Source\PSoC4/cyfitter_cfg.c **** 	CY_SET_REG32((void CYXDATA *)(CYREG_CLK_SELECT), (CY_GET_REG32((void *)CYREG_CLK_SELECT) | 0x00040
 268              		.loc 1 198 0
 269 00b4 134B     		ldr	r3, .L11
 270 00b6 134A     		ldr	r2, .L11
 271 00b8 1268     		ldr	r2, [r2]
 272 00ba 8021     		mov	r1, #128
 273 00bc C902     		lsl	r1, r1, #11
 274 00be 0A43     		orr	r2, r1
 275 00c0 1A60     		str	r2, [r3]
 199:.\Generated_Source\PSoC4/cyfitter_cfg.c **** 
 200:.\Generated_Source\PSoC4/cyfitter_cfg.c **** 	/* Trim IMO BG based on desired frequency. */
 201:.\Generated_Source\PSoC4/cyfitter_cfg.c **** 	SetIMOBGTrims(24u);
 276              		.loc 1 201 0
 277 00c2 1820     		mov	r0, #24
 278 00c4 FFF79CFF 		bl	SetIMOBGTrims
 202:.\Generated_Source\PSoC4/cyfitter_cfg.c **** 
 203:.\Generated_Source\PSoC4/cyfitter_cfg.c **** 	/* Going less than or equal to 24MHz, so update the clock speed then adjust trim value. */
 204:.\Generated_Source\PSoC4/cyfitter_cfg.c **** 	CY_SET_REG32((void CYXDATA *)(CYREG_CLK_IMO_TRIM2), (25u));
 279              		.loc 1 204 0
 280 00c8 0F4B     		ldr	r3, .L11+4
 281 00ca 1922     		mov	r2, #25
 282 00cc 1A60     		str	r2, [r3]
 205:.\Generated_Source\PSoC4/cyfitter_cfg.c **** 	CyDelayCycles(5u);
 283              		.loc 1 205 0
 284 00ce 0520     		mov	r0, #5
 285 00d0 FFF7FEFF 		bl	CyDelayCycles
 206:.\Generated_Source\PSoC4/cyfitter_cfg.c **** 	CY_SET_REG32((void CYXDATA *)(CYREG_CLK_IMO_TRIM1), (CY_GET_REG8((void *)CYREG_SFLASH_IMO_TRIM21))
 286              		.loc 1 206 0
 287 00d4 0D4B     		ldr	r3, .L11+8
 288 00d6 0E4A     		ldr	r2, .L11+12
 289 00d8 1278     		ldrb	r2, [r2]
 290 00da D2B2     		uxtb	r2, r2
 291 00dc 1A60     		str	r2, [r3]
 207:.\Generated_Source\PSoC4/cyfitter_cfg.c **** 	CyDelayUs(5u);
 292              		.loc 1 207 0
 293 00de 0520     		mov	r0, #5
 294 00e0 FFF7FEFF 		bl	CyDelayUs
 208:.\Generated_Source\PSoC4/cyfitter_cfg.c **** 
 209:.\Generated_Source\PSoC4/cyfitter_cfg.c **** 	/* Disable HALF_EN since it is not required at this IMO frequency. */
 210:.\Generated_Source\PSoC4/cyfitter_cfg.c **** 	CY_SET_REG32((void CYXDATA *)(CYREG_CLK_SELECT), (CY_GET_REG32((void *)CYREG_CLK_SELECT) & 0xFFFBF
 295              		.loc 1 210 0
 296 00e4 074B     		ldr	r3, .L11
 297 00e6 074A     		ldr	r2, .L11
 298 00e8 1168     		ldr	r1, [r2]
 299 00ea 0A4A     		ldr	r2, .L11+16
 300 00ec 0A40     		and	r2, r1
ARM GAS  C:\Users\CAROLI~1\AppData\Local\Temp\ccX1RTOJ.s 			page 10


 301 00ee 1A60     		str	r2, [r3]
 211:.\Generated_Source\PSoC4/cyfitter_cfg.c **** 
 212:.\Generated_Source\PSoC4/cyfitter_cfg.c **** 	/* CYDEV_CLK_IMO_CONFIG Starting address: CYDEV_CLK_IMO_CONFIG */
 213:.\Generated_Source\PSoC4/cyfitter_cfg.c **** 	CY_SET_XTND_REG32((void CYFAR *)(CYREG_CLK_IMO_CONFIG), 0x80000000u);
 302              		.loc 1 213 0
 303 00f0 094B     		ldr	r3, .L11+20
 304 00f2 8022     		mov	r2, #128
 305 00f4 1206     		lsl	r2, r2, #24
 306 00f6 1A60     		str	r2, [r3]
 214:.\Generated_Source\PSoC4/cyfitter_cfg.c **** 
 215:.\Generated_Source\PSoC4/cyfitter_cfg.c **** 	/* CYDEV_CLK_ILO_CONFIG Starting address: CYDEV_CLK_ILO_CONFIG */
 216:.\Generated_Source\PSoC4/cyfitter_cfg.c **** 	CY_SET_XTND_REG32((void CYFAR *)(CYREG_CLK_ILO_CONFIG), 0x80000000u);
 307              		.loc 1 216 0
 308 00f8 084B     		ldr	r3, .L11+24
 309 00fa 8022     		mov	r2, #128
 310 00fc 1206     		lsl	r2, r2, #24
 311 00fe 1A60     		str	r2, [r3]
 217:.\Generated_Source\PSoC4/cyfitter_cfg.c **** 
 218:.\Generated_Source\PSoC4/cyfitter_cfg.c **** }
 312              		.loc 1 218 0
 313 0100 BD46     		mov	sp, r7
 314              		@ sp needed for prologue
 315 0102 80BD     		pop	{r7, pc}
 316              	.L12:
 317              		.align	2
 318              	.L11:
 319 0104 00010B40 		.word	1074462976
 320 0108 2CFF0B40 		.word	1074528044
 321 010c 28FF0B40 		.word	1074528040
 322 0110 E5F1FF0F 		.word	268431845
 323 0114 FFFFFBFF 		.word	-262145
 324 0118 08010B40 		.word	1074462984
 325 011c 04010B40 		.word	1074462980
 326              		.cfi_endproc
 327              	.LFE4:
 328              		.size	ClockSetup, .-ClockSetup
 329              		.section	.text.AnalogSetDefault,"ax",%progbits
 330              		.align	2
 331              		.code	16
 332              		.thumb_func
 333              		.type	AnalogSetDefault, %function
 334              	AnalogSetDefault:
 335              	.LFB5:
 219:.\Generated_Source\PSoC4/cyfitter_cfg.c **** 
 220:.\Generated_Source\PSoC4/cyfitter_cfg.c **** 
 221:.\Generated_Source\PSoC4/cyfitter_cfg.c **** /* Analog API Functions */
 222:.\Generated_Source\PSoC4/cyfitter_cfg.c **** 
 223:.\Generated_Source\PSoC4/cyfitter_cfg.c **** 
 224:.\Generated_Source\PSoC4/cyfitter_cfg.c **** /*******************************************************************************
 225:.\Generated_Source\PSoC4/cyfitter_cfg.c **** * Function Name: AnalogSetDefault
 226:.\Generated_Source\PSoC4/cyfitter_cfg.c **** ********************************************************************************
 227:.\Generated_Source\PSoC4/cyfitter_cfg.c **** *
 228:.\Generated_Source\PSoC4/cyfitter_cfg.c **** * Summary:
 229:.\Generated_Source\PSoC4/cyfitter_cfg.c **** *  Sets up the analog portions of the chip to default values based on chip
 230:.\Generated_Source\PSoC4/cyfitter_cfg.c **** *  configuration options from the project.
 231:.\Generated_Source\PSoC4/cyfitter_cfg.c **** *
 232:.\Generated_Source\PSoC4/cyfitter_cfg.c **** * Parameters:
ARM GAS  C:\Users\CAROLI~1\AppData\Local\Temp\ccX1RTOJ.s 			page 11


 233:.\Generated_Source\PSoC4/cyfitter_cfg.c **** *  void
 234:.\Generated_Source\PSoC4/cyfitter_cfg.c **** *
 235:.\Generated_Source\PSoC4/cyfitter_cfg.c **** * Return:
 236:.\Generated_Source\PSoC4/cyfitter_cfg.c **** *  void
 237:.\Generated_Source\PSoC4/cyfitter_cfg.c **** *
 238:.\Generated_Source\PSoC4/cyfitter_cfg.c **** *******************************************************************************/
 239:.\Generated_Source\PSoC4/cyfitter_cfg.c **** static void AnalogSetDefault(void);
 240:.\Generated_Source\PSoC4/cyfitter_cfg.c **** static void AnalogSetDefault(void)
 241:.\Generated_Source\PSoC4/cyfitter_cfg.c **** {
 336              		.loc 1 241 0
 337              		.cfi_startproc
 338 0000 80B5     		push	{r7, lr}
 339              	.LCFI14:
 340              		.cfi_def_cfa_offset 8
 341              		.cfi_offset 7, -8
 342              		.cfi_offset 14, -4
 343 0002 00AF     		add	r7, sp, #0
 344              	.LCFI15:
 345              		.cfi_def_cfa_register 7
 242:.\Generated_Source\PSoC4/cyfitter_cfg.c **** }
 346              		.loc 1 242 0
 347 0004 BD46     		mov	sp, r7
 348              		@ sp needed for prologue
 349 0006 80BD     		pop	{r7, pc}
 350              		.cfi_endproc
 351              	.LFE5:
 352              		.size	AnalogSetDefault, .-AnalogSetDefault
 353              		.section	.psocinit
 354              		.align	2
 355              		.global	cyfitter_cfg
 356              		.code	16
 357              		.thumb_func
 358              		.type	cyfitter_cfg, %function
 359              	cyfitter_cfg:
 360              	.LFB6:
 243:.\Generated_Source\PSoC4/cyfitter_cfg.c **** 
 244:.\Generated_Source\PSoC4/cyfitter_cfg.c **** #define CY_AMUX_UNUSED CYREG_CM0_ROM_DWT
 245:.\Generated_Source\PSoC4/cyfitter_cfg.c **** 
 246:.\Generated_Source\PSoC4/cyfitter_cfg.c **** 
 247:.\Generated_Source\PSoC4/cyfitter_cfg.c **** /*******************************************************************************
 248:.\Generated_Source\PSoC4/cyfitter_cfg.c **** * Function Name: cyfitter_cfg
 249:.\Generated_Source\PSoC4/cyfitter_cfg.c **** ********************************************************************************
 250:.\Generated_Source\PSoC4/cyfitter_cfg.c **** * Summary:
 251:.\Generated_Source\PSoC4/cyfitter_cfg.c **** *  This function is called by the start-up code for the selected device. It
 252:.\Generated_Source\PSoC4/cyfitter_cfg.c **** *  performs all of the necessary device configuration based on the design
 253:.\Generated_Source\PSoC4/cyfitter_cfg.c **** *  settings.  This includes settings from the Design Wide Resources (DWR) such
 254:.\Generated_Source\PSoC4/cyfitter_cfg.c **** *  as Clocks and Pins as well as any component configuration that is necessary.
 255:.\Generated_Source\PSoC4/cyfitter_cfg.c **** *
 256:.\Generated_Source\PSoC4/cyfitter_cfg.c **** * Parameters:  
 257:.\Generated_Source\PSoC4/cyfitter_cfg.c **** *   void
 258:.\Generated_Source\PSoC4/cyfitter_cfg.c **** *
 259:.\Generated_Source\PSoC4/cyfitter_cfg.c **** * Return:
 260:.\Generated_Source\PSoC4/cyfitter_cfg.c **** *   void
 261:.\Generated_Source\PSoC4/cyfitter_cfg.c **** *
 262:.\Generated_Source\PSoC4/cyfitter_cfg.c **** *******************************************************************************/
 263:.\Generated_Source\PSoC4/cyfitter_cfg.c **** CY_CFG_SECTION
 264:.\Generated_Source\PSoC4/cyfitter_cfg.c **** void cyfitter_cfg(void)
ARM GAS  C:\Users\CAROLI~1\AppData\Local\Temp\ccX1RTOJ.s 			page 12


 265:.\Generated_Source\PSoC4/cyfitter_cfg.c **** {
 361              		.loc 1 265 0
 362              		.cfi_startproc
 363 0120 80B5     		push	{r7, lr}
 364              	.LCFI16:
 365              		.cfi_def_cfa_offset 8
 366              		.cfi_offset 7, -8
 367              		.cfi_offset 14, -4
 368 0122 82B0     		sub	sp, sp, #8
 369              	.LCFI17:
 370              		.cfi_def_cfa_offset 16
 371 0124 00AF     		add	r7, sp, #0
 372              	.LCFI18:
 373              		.cfi_def_cfa_register 7
 266:.\Generated_Source\PSoC4/cyfitter_cfg.c **** 	/* Disable interrupts by default. Let user enable if/when they want. */
 267:.\Generated_Source\PSoC4/cyfitter_cfg.c **** 	CyGlobalIntDisable;
 374              		.loc 1 267 0
 375              	@ 267 ".\Generated_Source\PSoC4\cyfitter_cfg.c" 1
 376 0126 72B6     		CPSID   i
 377              	@ 0 "" 2
 378              		.code	16
 379              	.LBB2:
 268:.\Generated_Source\PSoC4/cyfitter_cfg.c **** 
 269:.\Generated_Source\PSoC4/cyfitter_cfg.c **** 	{
 270:.\Generated_Source\PSoC4/cyfitter_cfg.c **** 
 271:.\Generated_Source\PSoC4/cyfitter_cfg.c **** 		CYPACKED typedef struct {
 272:.\Generated_Source\PSoC4/cyfitter_cfg.c **** 			void CYFAR *address;
 273:.\Generated_Source\PSoC4/cyfitter_cfg.c **** 			uint16 size;
 274:.\Generated_Source\PSoC4/cyfitter_cfg.c **** 		} CYPACKED_ATTR cfg_memset_t;
 275:.\Generated_Source\PSoC4/cyfitter_cfg.c **** 
 276:.\Generated_Source\PSoC4/cyfitter_cfg.c **** 		static const cfg_memset_t CYCODE cfg_memset_list [] = {
 277:.\Generated_Source\PSoC4/cyfitter_cfg.c **** 			/* address, size */
 278:.\Generated_Source\PSoC4/cyfitter_cfg.c **** 			{(void CYFAR *)(CYDEV_UDB_P0_U0_BASE), 1024u},
 279:.\Generated_Source\PSoC4/cyfitter_cfg.c **** 			{(void CYFAR *)(CYDEV_UDB_DSI0_BASE), 1024u},
 280:.\Generated_Source\PSoC4/cyfitter_cfg.c **** 		};
 281:.\Generated_Source\PSoC4/cyfitter_cfg.c **** 
 282:.\Generated_Source\PSoC4/cyfitter_cfg.c **** 		uint8 CYDATA i;
 283:.\Generated_Source\PSoC4/cyfitter_cfg.c **** 
 284:.\Generated_Source\PSoC4/cyfitter_cfg.c **** 		/* Zero out critical memory blocks before beginning configuration */
 285:.\Generated_Source\PSoC4/cyfitter_cfg.c **** 		for (i = 0u; i < (sizeof(cfg_memset_list)/sizeof(cfg_memset_list[0])); i++)
 380              		.loc 1 285 0
 381 0128 FB1D     		add	r3, r7, #7
 382 012a 0022     		mov	r2, #0
 383 012c 1A70     		strb	r2, [r3]
 384 012e 23E0     		b	.L15
 385              	.L16:
 386              	.LBB3:
 286:.\Generated_Source\PSoC4/cyfitter_cfg.c **** 		{
 287:.\Generated_Source\PSoC4/cyfitter_cfg.c **** 			const cfg_memset_t CYCODE * CYDATA ms = &cfg_memset_list[i];
 387              		.loc 1 287 0 discriminator 2
 388 0130 FB1D     		add	r3, r7, #7
 389 0132 1A78     		ldrb	r2, [r3]
 390 0134 131C     		mov	r3, r2
 391 0136 5B00     		lsl	r3, r3, #1
 392 0138 9B18     		add	r3, r3, r2
 393 013a 5B00     		lsl	r3, r3, #1
 394 013c 224A     		ldr	r2, .L17
ARM GAS  C:\Users\CAROLI~1\AppData\Local\Temp\ccX1RTOJ.s 			page 13


 395 013e 9B18     		add	r3, r3, r2
 396 0140 3B60     		str	r3, [r7]
 288:.\Generated_Source\PSoC4/cyfitter_cfg.c **** 			CYMEMZERO(ms->address, (uint32)(ms->size));
 397              		.loc 1 288 0 discriminator 2
 398 0142 3B68     		ldr	r3, [r7]
 399 0144 1A78     		ldrb	r2, [r3]
 400 0146 5978     		ldrb	r1, [r3, #1]
 401 0148 0902     		lsl	r1, r1, #8
 402 014a 0A43     		orr	r2, r1
 403 014c 9978     		ldrb	r1, [r3, #2]
 404 014e 0904     		lsl	r1, r1, #16
 405 0150 0A43     		orr	r2, r1
 406 0152 DB78     		ldrb	r3, [r3, #3]
 407 0154 1B06     		lsl	r3, r3, #24
 408 0156 1343     		orr	r3, r2
 409 0158 1A1C     		mov	r2, r3
 410 015a 3B68     		ldr	r3, [r7]
 411 015c 1979     		ldrb	r1, [r3, #4]
 412 015e 5B79     		ldrb	r3, [r3, #5]
 413 0160 1B02     		lsl	r3, r3, #8
 414 0162 0B43     		orr	r3, r1
 415 0164 9BB2     		uxth	r3, r3
 416 0166 101C     		mov	r0, r2
 417 0168 191C     		mov	r1, r3
 418 016a FFF7FEFF 		bl	CYMEMZERO
 419              	.LBE3:
 285:.\Generated_Source\PSoC4/cyfitter_cfg.c **** 		for (i = 0u; i < (sizeof(cfg_memset_list)/sizeof(cfg_memset_list[0])); i++)
 420              		.loc 1 285 0 discriminator 2
 421 016e FB1D     		add	r3, r7, #7
 422 0170 FA1D     		add	r2, r7, #7
 423 0172 1278     		ldrb	r2, [r2]
 424 0174 0132     		add	r2, r2, #1
 425 0176 1A70     		strb	r2, [r3]
 426              	.L15:
 285:.\Generated_Source\PSoC4/cyfitter_cfg.c **** 		for (i = 0u; i < (sizeof(cfg_memset_list)/sizeof(cfg_memset_list[0])); i++)
 427              		.loc 1 285 0 is_stmt 0 discriminator 1
 428 0178 FB1D     		add	r3, r7, #7
 429 017a 1B78     		ldrb	r3, [r3]
 430 017c 012B     		cmp	r3, #1
 431 017e D7D9     		bls	.L16
 289:.\Generated_Source\PSoC4/cyfitter_cfg.c **** 		}
 290:.\Generated_Source\PSoC4/cyfitter_cfg.c **** 
 291:.\Generated_Source\PSoC4/cyfitter_cfg.c **** 		/* HSIOM Starting address: CYDEV_HSIOM_BASE */
 292:.\Generated_Source\PSoC4/cyfitter_cfg.c **** 		CY_SET_XTND_REG32((void CYFAR *)(CYREG_HSIOM_PORT_SEL3), 0x0000EE00u);
 432              		.loc 1 292 0 is_stmt 1
 433 0180 124B     		ldr	r3, .L17+4
 434 0182 EE22     		mov	r2, #238
 435 0184 1202     		lsl	r2, r2, #8
 436 0186 1A60     		str	r2, [r3]
 293:.\Generated_Source\PSoC4/cyfitter_cfg.c **** 
 294:.\Generated_Source\PSoC4/cyfitter_cfg.c **** 		/* IOPINS0_3 Starting address: CYDEV_PRT3_DR */
 295:.\Generated_Source\PSoC4/cyfitter_cfg.c **** 		CY_SET_XTND_REG32((void CYFAR *)(CYREG_PRT3_PC), 0x00000D80u);
 437              		.loc 1 295 0
 438 0188 114B     		ldr	r3, .L17+8
 439 018a D822     		mov	r2, #216
 440 018c 1201     		lsl	r2, r2, #4
 441 018e 1A60     		str	r2, [r3]
ARM GAS  C:\Users\CAROLI~1\AppData\Local\Temp\ccX1RTOJ.s 			page 14


 296:.\Generated_Source\PSoC4/cyfitter_cfg.c **** 
 297:.\Generated_Source\PSoC4/cyfitter_cfg.c **** 		/* UDB_PA_3 Starting address: CYDEV_UDB_PA3_BASE */
 298:.\Generated_Source\PSoC4/cyfitter_cfg.c **** 		CY_SET_XTND_REG32((void CYFAR *)(CYDEV_UDB_PA3_BASE), 0x00990000u);
 442              		.loc 1 298 0
 443 0190 104B     		ldr	r3, .L17+12
 444 0192 9922     		mov	r2, #153
 445 0194 1204     		lsl	r2, r2, #16
 446 0196 1A60     		str	r2, [r3]
 299:.\Generated_Source\PSoC4/cyfitter_cfg.c **** 
 300:.\Generated_Source\PSoC4/cyfitter_cfg.c **** 		/* Enable digital routing */
 301:.\Generated_Source\PSoC4/cyfitter_cfg.c **** 		CY_SET_XTND_REG8((void *)CYREG_UDB_UDBIF_BANK_CTL, CY_GET_XTND_REG8((void *)CYREG_UDB_UDBIF_BANK_
 447              		.loc 1 301 0
 448 0198 0F4B     		ldr	r3, .L17+16
 449 019a 0F4A     		ldr	r2, .L17+16
 450 019c 1278     		ldrb	r2, [r2]
 451 019e D2B2     		uxtb	r2, r2
 452 01a0 0221     		mov	r1, #2
 453 01a2 0A43     		orr	r2, r1
 454 01a4 D2B2     		uxtb	r2, r2
 455 01a6 1A70     		strb	r2, [r3]
 302:.\Generated_Source\PSoC4/cyfitter_cfg.c **** 
 303:.\Generated_Source\PSoC4/cyfitter_cfg.c **** 		/* Enable UDB array */
 304:.\Generated_Source\PSoC4/cyfitter_cfg.c **** 		CY_SET_XTND_REG8((void *)CYREG_UDB_UDBIF_BANK_CTL, CY_GET_XTND_REG8((void *)CYREG_UDB_UDBIF_BANK_
 456              		.loc 1 304 0
 457 01a8 0B4B     		ldr	r3, .L17+16
 458 01aa 0B4A     		ldr	r2, .L17+16
 459 01ac 1278     		ldrb	r2, [r2]
 460 01ae D2B2     		uxtb	r2, r2
 461 01b0 0621     		mov	r1, #6
 462 01b2 0A43     		orr	r2, r1
 463 01b4 D2B2     		uxtb	r2, r2
 464 01b6 1A70     		strb	r2, [r3]
 465              	.LBE2:
 305:.\Generated_Source\PSoC4/cyfitter_cfg.c **** 	}
 306:.\Generated_Source\PSoC4/cyfitter_cfg.c **** 
 307:.\Generated_Source\PSoC4/cyfitter_cfg.c **** 	/* Setup clocks based on selections from Clock DWR */
 308:.\Generated_Source\PSoC4/cyfitter_cfg.c **** 	ClockSetup();
 466              		.loc 1 308 0
 467 01b8 FFF77AFF 		bl	ClockSetup
 309:.\Generated_Source\PSoC4/cyfitter_cfg.c **** 
 310:.\Generated_Source\PSoC4/cyfitter_cfg.c **** 	/* Perform basic analog initialization to defaults */
 311:.\Generated_Source\PSoC4/cyfitter_cfg.c **** 	AnalogSetDefault();
 468              		.loc 1 311 0
 469 01bc FFF7FEFF 		bl	AnalogSetDefault
 312:.\Generated_Source\PSoC4/cyfitter_cfg.c **** 
 313:.\Generated_Source\PSoC4/cyfitter_cfg.c **** }
 470              		.loc 1 313 0
 471 01c0 BD46     		mov	sp, r7
 472 01c2 02B0     		add	sp, sp, #8
 473              		@ sp needed for prologue
 474 01c4 80BD     		pop	{r7, pc}
 475              	.L18:
 476 01c6 C046     		.align	2
 477              	.L17:
 478 01c8 00000000 		.word	cfg_memset_list.4643
 479 01cc 0C000140 		.word	1073807372
 480 01d0 08030440 		.word	1074004744
ARM GAS  C:\Users\CAROLI~1\AppData\Local\Temp\ccX1RTOJ.s 			page 15


 481 01d4 30500F40 		.word	1074745392
 482 01d8 00700F40 		.word	1074753536
 483              		.cfi_endproc
 484              	.LFE6:
 485              		.size	cyfitter_cfg, .-cyfitter_cfg
 486              		.section	.rodata
 487              		.align	2
 488              		.type	cfg_memset_list.4643, %object
 489              		.size	cfg_memset_list.4643, 12
 490              	cfg_memset_list.4643:
 491 0000 00300F40 		.word	1074737152
 492 0004 0004     		.short	1024
 493 0006 00400F40 		.4byte	1074741248
 494 000a 0004     		.short	1024
 495              		.align	2
 496              		.type	IMO_TRIM_FREQ_TABLE_ENTRIES.4619, %object
 497              		.size	IMO_TRIM_FREQ_TABLE_ENTRIES.4619, 4
 498              	IMO_TRIM_FREQ_TABLE_ENTRIES.4619:
 499 000c 04000000 		.word	4
 500              		.data
 501              		.align	2
 502              		.type	imo_trim_table.4618, %object
 503              		.size	imo_trim_table.4618, 4
 504              	imo_trim_table.4618:
 505 0000 C0F1FF0F 		.word	268431808
 506              		.text
 507              	.Letext0:
 508              		.file 2 "c:\\program files (x86)\\cypress\\psoc creator\\3.0\\psoc creator\\import\\gnu_cs\\arm\\4
 509              		.file 3 "./Generated_Source/PSoC4/cytypes.h"
 510              		.section	.debug_info,"",%progbits
 511              	.Ldebug_info0:
 512 0000 69030000 		.4byte	0x369
 513 0004 0200     		.2byte	0x2
 514 0006 00000000 		.4byte	.Ldebug_abbrev0
 515 000a 04       		.byte	0x4
 516 000b 01       		.uleb128 0x1
 517 000c 0A020000 		.4byte	.LASF43
 518 0010 01       		.byte	0x1
 519 0011 66010000 		.4byte	.LASF44
 520 0015 B3010000 		.4byte	.LASF45
 521 0019 00000000 		.4byte	.Ldebug_ranges0+0
 522 001d 00000000 		.4byte	0
 523 0021 00000000 		.4byte	0
 524 0025 00000000 		.4byte	.Ldebug_line0
 525 0029 02       		.uleb128 0x2
 526 002a 01       		.byte	0x1
 527 002b 06       		.byte	0x6
 528 002c 7A020000 		.4byte	.LASF0
 529 0030 02       		.uleb128 0x2
 530 0031 01       		.byte	0x1
 531 0032 08       		.byte	0x8
 532 0033 BF000000 		.4byte	.LASF1
 533 0037 02       		.uleb128 0x2
 534 0038 02       		.byte	0x2
 535 0039 05       		.byte	0x5
 536 003a 63000000 		.4byte	.LASF2
 537 003e 02       		.uleb128 0x2
ARM GAS  C:\Users\CAROLI~1\AppData\Local\Temp\ccX1RTOJ.s 			page 16


 538 003f 02       		.byte	0x2
 539 0040 07       		.byte	0x7
 540 0041 50000000 		.4byte	.LASF3
 541 0045 03       		.uleb128 0x3
 542 0046 04       		.byte	0x4
 543 0047 05       		.byte	0x5
 544 0048 696E7400 		.ascii	"int\000"
 545 004c 02       		.uleb128 0x2
 546 004d 04       		.byte	0x4
 547 004e 07       		.byte	0x7
 548 004f 0F010000 		.4byte	.LASF4
 549 0053 02       		.uleb128 0x2
 550 0054 08       		.byte	0x8
 551 0055 05       		.byte	0x5
 552 0056 A0010000 		.4byte	.LASF5
 553 005a 02       		.uleb128 0x2
 554 005b 08       		.byte	0x8
 555 005c 07       		.byte	0x7
 556 005d 31010000 		.4byte	.LASF6
 557 0061 02       		.uleb128 0x2
 558 0062 04       		.byte	0x4
 559 0063 05       		.byte	0x5
 560 0064 62020000 		.4byte	.LASF7
 561 0068 02       		.uleb128 0x2
 562 0069 04       		.byte	0x4
 563 006a 07       		.byte	0x7
 564 006b 8E010000 		.4byte	.LASF8
 565 006f 04       		.uleb128 0x4
 566 0070 04       		.byte	0x4
 567 0071 02       		.uleb128 0x2
 568 0072 04       		.byte	0x4
 569 0073 07       		.byte	0x7
 570 0074 9D000000 		.4byte	.LASF9
 571 0078 02       		.uleb128 0x2
 572 0079 01       		.byte	0x1
 573 007a 08       		.byte	0x8
 574 007b AE010000 		.4byte	.LASF10
 575 007f 05       		.uleb128 0x5
 576 0080 06000000 		.4byte	.LASF11
 577 0084 02       		.byte	0x2
 578 0085 D5       		.byte	0xd5
 579 0086 4C000000 		.4byte	0x4c
 580 008a 05       		.uleb128 0x5
 581 008b 04020000 		.4byte	.LASF12
 582 008f 03       		.byte	0x3
 583 0090 5B       		.byte	0x5b
 584 0091 30000000 		.4byte	0x30
 585 0095 05       		.uleb128 0x5
 586 0096 F8000000 		.4byte	.LASF13
 587 009a 03       		.byte	0x3
 588 009b 5C       		.byte	0x5c
 589 009c 3E000000 		.4byte	0x3e
 590 00a0 05       		.uleb128 0x5
 591 00a1 FF000000 		.4byte	.LASF14
 592 00a5 03       		.byte	0x3
 593 00a6 5D       		.byte	0x5d
 594 00a7 71000000 		.4byte	0x71
ARM GAS  C:\Users\CAROLI~1\AppData\Local\Temp\ccX1RTOJ.s 			page 17


 595 00ab 05       		.uleb128 0x5
 596 00ac AF000000 		.4byte	.LASF15
 597 00b0 03       		.byte	0x3
 598 00b1 60       		.byte	0x60
 599 00b2 61000000 		.4byte	0x61
 600 00b6 02       		.uleb128 0x2
 601 00b7 04       		.byte	0x4
 602 00b8 04       		.byte	0x4
 603 00b9 7B000000 		.4byte	.LASF16
 604 00bd 02       		.uleb128 0x2
 605 00be 08       		.byte	0x8
 606 00bf 04       		.byte	0x4
 607 00c0 CD000000 		.4byte	.LASF17
 608 00c4 05       		.uleb128 0x5
 609 00c5 98000000 		.4byte	.LASF18
 610 00c9 03       		.byte	0x3
 611 00ca F0       		.byte	0xf0
 612 00cb CF000000 		.4byte	0xcf
 613 00cf 06       		.uleb128 0x6
 614 00d0 8A000000 		.4byte	0x8a
 615 00d4 05       		.uleb128 0x5
 616 00d5 00000000 		.4byte	.LASF19
 617 00d9 03       		.byte	0x3
 618 00da F2       		.byte	0xf2
 619 00db DF000000 		.4byte	0xdf
 620 00df 06       		.uleb128 0x6
 621 00e0 A0000000 		.4byte	0xa0
 622 00e4 07       		.uleb128 0x7
 623 00e5 B5000000 		.4byte	.LASF20
 624 00e9 01       		.byte	0x1
 625 00ea 39       		.byte	0x39
 626 00eb 01       		.byte	0x1
 627 00ec 00000000 		.4byte	.LFB0
 628 00f0 1E000000 		.4byte	.LFE0
 629 00f4 00000000 		.4byte	.LLST0
 630 00f8 01       		.byte	0x1
 631 00f9 16010000 		.4byte	0x116
 632 00fd 08       		.uleb128 0x8
 633 00fe 7300     		.ascii	"s\000"
 634 0100 01       		.byte	0x1
 635 0101 39       		.byte	0x39
 636 0102 6F000000 		.4byte	0x6f
 637 0106 02       		.byte	0x2
 638 0107 91       		.byte	0x91
 639 0108 74       		.sleb128 -12
 640 0109 08       		.uleb128 0x8
 641 010a 6E00     		.ascii	"n\000"
 642 010c 01       		.byte	0x1
 643 010d 39       		.byte	0x39
 644 010e 7F000000 		.4byte	0x7f
 645 0112 02       		.byte	0x2
 646 0113 91       		.byte	0x91
 647 0114 70       		.sleb128 -16
 648 0115 00       		.byte	0
 649 0116 07       		.uleb128 0x7
 650 0117 96020000 		.4byte	.LASF21
 651 011b 01       		.byte	0x1
ARM GAS  C:\Users\CAROLI~1\AppData\Local\Temp\ccX1RTOJ.s 			page 18


 652 011c 40       		.byte	0x40
 653 011d 01       		.byte	0x1
 654 011e 00000000 		.4byte	.LFB1
 655 0122 22000000 		.4byte	.LFE1
 656 0126 38000000 		.4byte	.LLST1
 657 012a 01       		.byte	0x1
 658 012b 58010000 		.4byte	0x158
 659 012f 09       		.uleb128 0x9
 660 0130 8E000000 		.4byte	.LASF22
 661 0134 01       		.byte	0x1
 662 0135 40       		.byte	0x40
 663 0136 6F000000 		.4byte	0x6f
 664 013a 02       		.byte	0x2
 665 013b 91       		.byte	0x91
 666 013c 74       		.sleb128 -12
 667 013d 08       		.uleb128 0x8
 668 013e 73726300 		.ascii	"src\000"
 669 0142 01       		.byte	0x1
 670 0143 40       		.byte	0x40
 671 0144 58010000 		.4byte	0x158
 672 0148 02       		.byte	0x2
 673 0149 91       		.byte	0x91
 674 014a 70       		.sleb128 -16
 675 014b 08       		.uleb128 0x8
 676 014c 6E00     		.ascii	"n\000"
 677 014e 01       		.byte	0x1
 678 014f 40       		.byte	0x40
 679 0150 7F000000 		.4byte	0x7f
 680 0154 02       		.byte	0x2
 681 0155 91       		.byte	0x91
 682 0156 6C       		.sleb128 -20
 683 0157 00       		.byte	0
 684 0158 0A       		.uleb128 0xa
 685 0159 04       		.byte	0x4
 686 015a 5E010000 		.4byte	0x15e
 687 015e 0B       		.uleb128 0xb
 688 015f 07       		.uleb128 0x7
 689 0160 86020000 		.4byte	.LASF23
 690 0164 01       		.byte	0x1
 691 0165 47       		.byte	0x47
 692 0166 01       		.byte	0x1
 693 0167 00000000 		.4byte	.LFB2
 694 016b 22000000 		.4byte	.LFE2
 695 016f 70000000 		.4byte	.LLST2
 696 0173 01       		.byte	0x1
 697 0174 A1010000 		.4byte	0x1a1
 698 0178 09       		.uleb128 0x9
 699 0179 8E000000 		.4byte	.LASF22
 700 017d 01       		.byte	0x1
 701 017e 47       		.byte	0x47
 702 017f 6F000000 		.4byte	0x6f
 703 0183 02       		.byte	0x2
 704 0184 91       		.byte	0x91
 705 0185 74       		.sleb128 -12
 706 0186 08       		.uleb128 0x8
 707 0187 73726300 		.ascii	"src\000"
 708 018b 01       		.byte	0x1
ARM GAS  C:\Users\CAROLI~1\AppData\Local\Temp\ccX1RTOJ.s 			page 19


 709 018c 47       		.byte	0x47
 710 018d 58010000 		.4byte	0x158
 711 0191 02       		.byte	0x2
 712 0192 91       		.byte	0x91
 713 0193 70       		.sleb128 -16
 714 0194 08       		.uleb128 0x8
 715 0195 6E00     		.ascii	"n\000"
 716 0197 01       		.byte	0x1
 717 0198 47       		.byte	0x47
 718 0199 7F000000 		.4byte	0x7f
 719 019d 02       		.byte	0x2
 720 019e 91       		.byte	0x91
 721 019f 6C       		.sleb128 -20
 722 01a0 00       		.byte	0
 723 01a1 0C       		.uleb128 0xc
 724 01a2 6D000000 		.4byte	.LASF24
 725 01a6 01       		.byte	0x1
 726 01a7 8C       		.byte	0x8c
 727 01a8 01       		.byte	0x1
 728 01a9 00000000 		.4byte	.LFB3
 729 01ad B0000000 		.4byte	.LFE3
 730 01b1 A8000000 		.4byte	.LLST3
 731 01b5 01       		.byte	0x1
 732 01b6 90020000 		.4byte	0x290
 733 01ba 09       		.uleb128 0x9
 734 01bb D4000000 		.4byte	.LASF25
 735 01bf 01       		.byte	0x1
 736 01c0 8C       		.byte	0x8c
 737 01c1 8A000000 		.4byte	0x8a
 738 01c5 02       		.byte	0x2
 739 01c6 91       		.byte	0x91
 740 01c7 6F       		.sleb128 -17
 741 01c8 0D       		.uleb128 0xd
 742 01c9 03       		.byte	0x3
 743 01ca 01       		.byte	0x1
 744 01cb 8E       		.byte	0x8e
 745 01cc FB010000 		.4byte	0x1fb
 746 01d0 0E       		.uleb128 0xe
 747 01d1 FF010000 		.4byte	.LASF26
 748 01d5 01       		.byte	0x1
 749 01d6 8F       		.byte	0x8f
 750 01d7 8A000000 		.4byte	0x8a
 751 01db 02       		.byte	0x2
 752 01dc 23       		.byte	0x23
 753 01dd 00       		.uleb128 0
 754 01de 0E       		.uleb128 0xe
 755 01df 06010000 		.4byte	.LASF27
 756 01e3 01       		.byte	0x1
 757 01e4 90       		.byte	0x90
 758 01e5 8A000000 		.4byte	0x8a
 759 01e9 02       		.byte	0x2
 760 01ea 23       		.byte	0x23
 761 01eb 01       		.uleb128 0x1
 762 01ec 0E       		.uleb128 0xe
 763 01ed 4A000000 		.4byte	.LASF28
 764 01f1 01       		.byte	0x1
 765 01f2 91       		.byte	0x91
ARM GAS  C:\Users\CAROLI~1\AppData\Local\Temp\ccX1RTOJ.s 			page 20


 766 01f3 8A000000 		.4byte	0x8a
 767 01f7 02       		.byte	0x2
 768 01f8 23       		.byte	0x23
 769 01f9 02       		.uleb128 0x2
 770 01fa 00       		.byte	0
 771 01fb 05       		.uleb128 0x5
 772 01fc 1E000000 		.4byte	.LASF29
 773 0200 01       		.byte	0x1
 774 0201 92       		.byte	0x92
 775 0202 C8010000 		.4byte	0x1c8
 776 0206 0D       		.uleb128 0xd
 777 0207 0C       		.byte	0xc
 778 0208 01       		.byte	0x1
 779 0209 94       		.byte	0x94
 780 020a 2D020000 		.4byte	0x22d
 781 020e 0F       		.uleb128 0xf
 782 020f FB010000 		.4byte	0x1fb
 783 0213 1E020000 		.4byte	0x21e
 784 0217 10       		.uleb128 0x10
 785 0218 68000000 		.4byte	0x68
 786 021c 03       		.byte	0x3
 787 021d 00       		.byte	0
 788 021e 0E       		.uleb128 0xe
 789 021f 6B020000 		.4byte	.LASF30
 790 0223 01       		.byte	0x1
 791 0224 95       		.byte	0x95
 792 0225 0E020000 		.4byte	0x20e
 793 0229 02       		.byte	0x2
 794 022a 23       		.byte	0x23
 795 022b 00       		.uleb128 0
 796 022c 00       		.byte	0
 797 022d 05       		.uleb128 0x5
 798 022e 48010000 		.4byte	.LASF31
 799 0232 01       		.byte	0x1
 800 0233 96       		.byte	0x96
 801 0234 06020000 		.4byte	0x206
 802 0238 11       		.uleb128 0x11
 803 0239 53020000 		.4byte	.LASF32
 804 023d 01       		.byte	0x1
 805 023e 98       		.byte	0x98
 806 023f 49020000 		.4byte	0x249
 807 0243 05       		.byte	0x5
 808 0244 03       		.byte	0x3
 809 0245 00000000 		.4byte	imo_trim_table.4618
 810 0249 0A       		.uleb128 0xa
 811 024a 04       		.byte	0x4
 812 024b 4F020000 		.4byte	0x24f
 813 024f 12       		.uleb128 0x12
 814 0250 2D020000 		.4byte	0x22d
 815 0254 11       		.uleb128 0x11
 816 0255 DC000000 		.4byte	.LASF33
 817 0259 01       		.byte	0x1
 818 025a 99       		.byte	0x99
 819 025b 90020000 		.4byte	0x290
 820 025f 05       		.byte	0x5
 821 0260 03       		.byte	0x3
 822 0261 0C000000 		.4byte	IMO_TRIM_FREQ_TABLE_ENTRIES.4619
ARM GAS  C:\Users\CAROLI~1\AppData\Local\Temp\ccX1RTOJ.s 			page 21


 823 0265 11       		.uleb128 0x11
 824 0266 81000000 		.4byte	.LASF34
 825 026a 01       		.byte	0x1
 826 026b 9B       		.byte	0x9b
 827 026c AB000000 		.4byte	0xab
 828 0270 02       		.byte	0x2
 829 0271 91       		.byte	0x91
 830 0272 74       		.sleb128 -12
 831 0273 11       		.uleb128 0x11
 832 0274 73020000 		.4byte	.LASF35
 833 0278 01       		.byte	0x1
 834 0279 9C       		.byte	0x9c
 835 027a 8A000000 		.4byte	0x8a
 836 027e 02       		.byte	0x2
 837 027f 91       		.byte	0x91
 838 0280 73       		.sleb128 -13
 839 0281 11       		.uleb128 0x11
 840 0282 97010000 		.4byte	.LASF36
 841 0286 01       		.byte	0x1
 842 0287 9D       		.byte	0x9d
 843 0288 8A000000 		.4byte	0x8a
 844 028c 02       		.byte	0x2
 845 028d 91       		.byte	0x91
 846 028e 72       		.sleb128 -14
 847 028f 00       		.byte	0
 848 0290 12       		.uleb128 0x12
 849 0291 A0000000 		.4byte	0xa0
 850 0295 13       		.uleb128 0x13
 851 0296 3F000000 		.4byte	.LASF37
 852 029a 01       		.byte	0x1
 853 029b C3       		.byte	0xc3
 854 029c 01       		.byte	0x1
 855 029d B0000000 		.4byte	.LFB4
 856 02a1 20010000 		.4byte	.LFE4
 857 02a5 E0000000 		.4byte	.LLST4
 858 02a9 01       		.byte	0x1
 859 02aa 14       		.uleb128 0x14
 860 02ab 0D000000 		.4byte	.LASF38
 861 02af 01       		.byte	0x1
 862 02b0 F0       		.byte	0xf0
 863 02b1 01       		.byte	0x1
 864 02b2 00000000 		.4byte	.LFB5
 865 02b6 08000000 		.4byte	.LFE5
 866 02ba 0C010000 		.4byte	.LLST5
 867 02be 01       		.byte	0x1
 868 02bf 15       		.uleb128 0x15
 869 02c0 01       		.byte	0x1
 870 02c1 1C010000 		.4byte	.LASF46
 871 02c5 01       		.byte	0x1
 872 02c6 0801     		.2byte	0x108
 873 02c8 01       		.byte	0x1
 874 02c9 20010000 		.4byte	.LFB6
 875 02cd DC010000 		.4byte	.LFE6
 876 02d1 38010000 		.4byte	.LLST6
 877 02d5 01       		.byte	0x1
 878 02d6 16       		.uleb128 0x16
 879 02d7 28010000 		.4byte	.LBB2
ARM GAS  C:\Users\CAROLI~1\AppData\Local\Temp\ccX1RTOJ.s 			page 22


 880 02db B8010000 		.4byte	.LBE2
 881 02df 17       		.uleb128 0x17
 882 02e0 06       		.byte	0x6
 883 02e1 01       		.byte	0x1
 884 02e2 0F01     		.2byte	0x10f
 885 02e4 07030000 		.4byte	0x307
 886 02e8 18       		.uleb128 0x18
 887 02e9 29010000 		.4byte	.LASF39
 888 02ed 01       		.byte	0x1
 889 02ee 1001     		.2byte	0x110
 890 02f0 6F000000 		.4byte	0x6f
 891 02f4 02       		.byte	0x2
 892 02f5 23       		.byte	0x23
 893 02f6 00       		.uleb128 0
 894 02f7 18       		.uleb128 0x18
 895 02f8 93000000 		.4byte	.LASF40
 896 02fc 01       		.byte	0x1
 897 02fd 1101     		.2byte	0x111
 898 02ff 95000000 		.4byte	0x95
 899 0303 02       		.byte	0x2
 900 0304 23       		.byte	0x23
 901 0305 04       		.uleb128 0x4
 902 0306 00       		.byte	0
 903 0307 19       		.uleb128 0x19
 904 0308 59010000 		.4byte	.LASF41
 905 030c 01       		.byte	0x1
 906 030d 1201     		.2byte	0x112
 907 030f DF020000 		.4byte	0x2df
 908 0313 0F       		.uleb128 0xf
 909 0314 07030000 		.4byte	0x307
 910 0318 23030000 		.4byte	0x323
 911 031c 10       		.uleb128 0x10
 912 031d 68000000 		.4byte	0x68
 913 0321 01       		.byte	0x1
 914 0322 00       		.byte	0
 915 0323 1A       		.uleb128 0x1a
 916 0324 2F000000 		.4byte	.LASF42
 917 0328 01       		.byte	0x1
 918 0329 1401     		.2byte	0x114
 919 032b 35030000 		.4byte	0x335
 920 032f 05       		.byte	0x5
 921 0330 03       		.byte	0x3
 922 0331 00000000 		.4byte	cfg_memset_list.4643
 923 0335 12       		.uleb128 0x12
 924 0336 13030000 		.4byte	0x313
 925 033a 1B       		.uleb128 0x1b
 926 033b 6900     		.ascii	"i\000"
 927 033d 01       		.byte	0x1
 928 033e 1A01     		.2byte	0x11a
 929 0340 8A000000 		.4byte	0x8a
 930 0344 02       		.byte	0x2
 931 0345 91       		.byte	0x91
 932 0346 77       		.sleb128 -9
 933 0347 16       		.uleb128 0x16
 934 0348 30010000 		.4byte	.LBB3
 935 034c 6E010000 		.4byte	.LBE3
 936 0350 1B       		.uleb128 0x1b
ARM GAS  C:\Users\CAROLI~1\AppData\Local\Temp\ccX1RTOJ.s 			page 23


 937 0351 6D7300   		.ascii	"ms\000"
 938 0354 01       		.byte	0x1
 939 0355 1F01     		.2byte	0x11f
 940 0357 5E030000 		.4byte	0x35e
 941 035b 02       		.byte	0x2
 942 035c 91       		.byte	0x91
 943 035d 70       		.sleb128 -16
 944 035e 0A       		.uleb128 0xa
 945 035f 04       		.byte	0x4
 946 0360 64030000 		.4byte	0x364
 947 0364 12       		.uleb128 0x12
 948 0365 07030000 		.4byte	0x307
 949 0369 00       		.byte	0
 950 036a 00       		.byte	0
 951 036b 00       		.byte	0
 952 036c 00       		.byte	0
 953              		.section	.debug_abbrev,"",%progbits
 954              	.Ldebug_abbrev0:
 955 0000 01       		.uleb128 0x1
 956 0001 11       		.uleb128 0x11
 957 0002 01       		.byte	0x1
 958 0003 25       		.uleb128 0x25
 959 0004 0E       		.uleb128 0xe
 960 0005 13       		.uleb128 0x13
 961 0006 0B       		.uleb128 0xb
 962 0007 03       		.uleb128 0x3
 963 0008 0E       		.uleb128 0xe
 964 0009 1B       		.uleb128 0x1b
 965 000a 0E       		.uleb128 0xe
 966 000b 55       		.uleb128 0x55
 967 000c 06       		.uleb128 0x6
 968 000d 11       		.uleb128 0x11
 969 000e 01       		.uleb128 0x1
 970 000f 52       		.uleb128 0x52
 971 0010 01       		.uleb128 0x1
 972 0011 10       		.uleb128 0x10
 973 0012 06       		.uleb128 0x6
 974 0013 00       		.byte	0
 975 0014 00       		.byte	0
 976 0015 02       		.uleb128 0x2
 977 0016 24       		.uleb128 0x24
 978 0017 00       		.byte	0
 979 0018 0B       		.uleb128 0xb
 980 0019 0B       		.uleb128 0xb
 981 001a 3E       		.uleb128 0x3e
 982 001b 0B       		.uleb128 0xb
 983 001c 03       		.uleb128 0x3
 984 001d 0E       		.uleb128 0xe
 985 001e 00       		.byte	0
 986 001f 00       		.byte	0
 987 0020 03       		.uleb128 0x3
 988 0021 24       		.uleb128 0x24
 989 0022 00       		.byte	0
 990 0023 0B       		.uleb128 0xb
 991 0024 0B       		.uleb128 0xb
 992 0025 3E       		.uleb128 0x3e
 993 0026 0B       		.uleb128 0xb
ARM GAS  C:\Users\CAROLI~1\AppData\Local\Temp\ccX1RTOJ.s 			page 24


 994 0027 03       		.uleb128 0x3
 995 0028 08       		.uleb128 0x8
 996 0029 00       		.byte	0
 997 002a 00       		.byte	0
 998 002b 04       		.uleb128 0x4
 999 002c 0F       		.uleb128 0xf
 1000 002d 00       		.byte	0
 1001 002e 0B       		.uleb128 0xb
 1002 002f 0B       		.uleb128 0xb
 1003 0030 00       		.byte	0
 1004 0031 00       		.byte	0
 1005 0032 05       		.uleb128 0x5
 1006 0033 16       		.uleb128 0x16
 1007 0034 00       		.byte	0
 1008 0035 03       		.uleb128 0x3
 1009 0036 0E       		.uleb128 0xe
 1010 0037 3A       		.uleb128 0x3a
 1011 0038 0B       		.uleb128 0xb
 1012 0039 3B       		.uleb128 0x3b
 1013 003a 0B       		.uleb128 0xb
 1014 003b 49       		.uleb128 0x49
 1015 003c 13       		.uleb128 0x13
 1016 003d 00       		.byte	0
 1017 003e 00       		.byte	0
 1018 003f 06       		.uleb128 0x6
 1019 0040 35       		.uleb128 0x35
 1020 0041 00       		.byte	0
 1021 0042 49       		.uleb128 0x49
 1022 0043 13       		.uleb128 0x13
 1023 0044 00       		.byte	0
 1024 0045 00       		.byte	0
 1025 0046 07       		.uleb128 0x7
 1026 0047 2E       		.uleb128 0x2e
 1027 0048 01       		.byte	0x1
 1028 0049 03       		.uleb128 0x3
 1029 004a 0E       		.uleb128 0xe
 1030 004b 3A       		.uleb128 0x3a
 1031 004c 0B       		.uleb128 0xb
 1032 004d 3B       		.uleb128 0x3b
 1033 004e 0B       		.uleb128 0xb
 1034 004f 27       		.uleb128 0x27
 1035 0050 0C       		.uleb128 0xc
 1036 0051 11       		.uleb128 0x11
 1037 0052 01       		.uleb128 0x1
 1038 0053 12       		.uleb128 0x12
 1039 0054 01       		.uleb128 0x1
 1040 0055 40       		.uleb128 0x40
 1041 0056 06       		.uleb128 0x6
 1042 0057 9642     		.uleb128 0x2116
 1043 0059 0C       		.uleb128 0xc
 1044 005a 01       		.uleb128 0x1
 1045 005b 13       		.uleb128 0x13
 1046 005c 00       		.byte	0
 1047 005d 00       		.byte	0
 1048 005e 08       		.uleb128 0x8
 1049 005f 05       		.uleb128 0x5
 1050 0060 00       		.byte	0
ARM GAS  C:\Users\CAROLI~1\AppData\Local\Temp\ccX1RTOJ.s 			page 25


 1051 0061 03       		.uleb128 0x3
 1052 0062 08       		.uleb128 0x8
 1053 0063 3A       		.uleb128 0x3a
 1054 0064 0B       		.uleb128 0xb
 1055 0065 3B       		.uleb128 0x3b
 1056 0066 0B       		.uleb128 0xb
 1057 0067 49       		.uleb128 0x49
 1058 0068 13       		.uleb128 0x13
 1059 0069 02       		.uleb128 0x2
 1060 006a 0A       		.uleb128 0xa
 1061 006b 00       		.byte	0
 1062 006c 00       		.byte	0
 1063 006d 09       		.uleb128 0x9
 1064 006e 05       		.uleb128 0x5
 1065 006f 00       		.byte	0
 1066 0070 03       		.uleb128 0x3
 1067 0071 0E       		.uleb128 0xe
 1068 0072 3A       		.uleb128 0x3a
 1069 0073 0B       		.uleb128 0xb
 1070 0074 3B       		.uleb128 0x3b
 1071 0075 0B       		.uleb128 0xb
 1072 0076 49       		.uleb128 0x49
 1073 0077 13       		.uleb128 0x13
 1074 0078 02       		.uleb128 0x2
 1075 0079 0A       		.uleb128 0xa
 1076 007a 00       		.byte	0
 1077 007b 00       		.byte	0
 1078 007c 0A       		.uleb128 0xa
 1079 007d 0F       		.uleb128 0xf
 1080 007e 00       		.byte	0
 1081 007f 0B       		.uleb128 0xb
 1082 0080 0B       		.uleb128 0xb
 1083 0081 49       		.uleb128 0x49
 1084 0082 13       		.uleb128 0x13
 1085 0083 00       		.byte	0
 1086 0084 00       		.byte	0
 1087 0085 0B       		.uleb128 0xb
 1088 0086 26       		.uleb128 0x26
 1089 0087 00       		.byte	0
 1090 0088 00       		.byte	0
 1091 0089 00       		.byte	0
 1092 008a 0C       		.uleb128 0xc
 1093 008b 2E       		.uleb128 0x2e
 1094 008c 01       		.byte	0x1
 1095 008d 03       		.uleb128 0x3
 1096 008e 0E       		.uleb128 0xe
 1097 008f 3A       		.uleb128 0x3a
 1098 0090 0B       		.uleb128 0xb
 1099 0091 3B       		.uleb128 0x3b
 1100 0092 0B       		.uleb128 0xb
 1101 0093 27       		.uleb128 0x27
 1102 0094 0C       		.uleb128 0xc
 1103 0095 11       		.uleb128 0x11
 1104 0096 01       		.uleb128 0x1
 1105 0097 12       		.uleb128 0x12
 1106 0098 01       		.uleb128 0x1
 1107 0099 40       		.uleb128 0x40
ARM GAS  C:\Users\CAROLI~1\AppData\Local\Temp\ccX1RTOJ.s 			page 26


 1108 009a 06       		.uleb128 0x6
 1109 009b 9742     		.uleb128 0x2117
 1110 009d 0C       		.uleb128 0xc
 1111 009e 01       		.uleb128 0x1
 1112 009f 13       		.uleb128 0x13
 1113 00a0 00       		.byte	0
 1114 00a1 00       		.byte	0
 1115 00a2 0D       		.uleb128 0xd
 1116 00a3 13       		.uleb128 0x13
 1117 00a4 01       		.byte	0x1
 1118 00a5 0B       		.uleb128 0xb
 1119 00a6 0B       		.uleb128 0xb
 1120 00a7 3A       		.uleb128 0x3a
 1121 00a8 0B       		.uleb128 0xb
 1122 00a9 3B       		.uleb128 0x3b
 1123 00aa 0B       		.uleb128 0xb
 1124 00ab 01       		.uleb128 0x1
 1125 00ac 13       		.uleb128 0x13
 1126 00ad 00       		.byte	0
 1127 00ae 00       		.byte	0
 1128 00af 0E       		.uleb128 0xe
 1129 00b0 0D       		.uleb128 0xd
 1130 00b1 00       		.byte	0
 1131 00b2 03       		.uleb128 0x3
 1132 00b3 0E       		.uleb128 0xe
 1133 00b4 3A       		.uleb128 0x3a
 1134 00b5 0B       		.uleb128 0xb
 1135 00b6 3B       		.uleb128 0x3b
 1136 00b7 0B       		.uleb128 0xb
 1137 00b8 49       		.uleb128 0x49
 1138 00b9 13       		.uleb128 0x13
 1139 00ba 38       		.uleb128 0x38
 1140 00bb 0A       		.uleb128 0xa
 1141 00bc 00       		.byte	0
 1142 00bd 00       		.byte	0
 1143 00be 0F       		.uleb128 0xf
 1144 00bf 01       		.uleb128 0x1
 1145 00c0 01       		.byte	0x1
 1146 00c1 49       		.uleb128 0x49
 1147 00c2 13       		.uleb128 0x13
 1148 00c3 01       		.uleb128 0x1
 1149 00c4 13       		.uleb128 0x13
 1150 00c5 00       		.byte	0
 1151 00c6 00       		.byte	0
 1152 00c7 10       		.uleb128 0x10
 1153 00c8 21       		.uleb128 0x21
 1154 00c9 00       		.byte	0
 1155 00ca 49       		.uleb128 0x49
 1156 00cb 13       		.uleb128 0x13
 1157 00cc 2F       		.uleb128 0x2f
 1158 00cd 0B       		.uleb128 0xb
 1159 00ce 00       		.byte	0
 1160 00cf 00       		.byte	0
 1161 00d0 11       		.uleb128 0x11
 1162 00d1 34       		.uleb128 0x34
 1163 00d2 00       		.byte	0
 1164 00d3 03       		.uleb128 0x3
ARM GAS  C:\Users\CAROLI~1\AppData\Local\Temp\ccX1RTOJ.s 			page 27


 1165 00d4 0E       		.uleb128 0xe
 1166 00d5 3A       		.uleb128 0x3a
 1167 00d6 0B       		.uleb128 0xb
 1168 00d7 3B       		.uleb128 0x3b
 1169 00d8 0B       		.uleb128 0xb
 1170 00d9 49       		.uleb128 0x49
 1171 00da 13       		.uleb128 0x13
 1172 00db 02       		.uleb128 0x2
 1173 00dc 0A       		.uleb128 0xa
 1174 00dd 00       		.byte	0
 1175 00de 00       		.byte	0
 1176 00df 12       		.uleb128 0x12
 1177 00e0 26       		.uleb128 0x26
 1178 00e1 00       		.byte	0
 1179 00e2 49       		.uleb128 0x49
 1180 00e3 13       		.uleb128 0x13
 1181 00e4 00       		.byte	0
 1182 00e5 00       		.byte	0
 1183 00e6 13       		.uleb128 0x13
 1184 00e7 2E       		.uleb128 0x2e
 1185 00e8 00       		.byte	0
 1186 00e9 03       		.uleb128 0x3
 1187 00ea 0E       		.uleb128 0xe
 1188 00eb 3A       		.uleb128 0x3a
 1189 00ec 0B       		.uleb128 0xb
 1190 00ed 3B       		.uleb128 0x3b
 1191 00ee 0B       		.uleb128 0xb
 1192 00ef 27       		.uleb128 0x27
 1193 00f0 0C       		.uleb128 0xc
 1194 00f1 11       		.uleb128 0x11
 1195 00f2 01       		.uleb128 0x1
 1196 00f3 12       		.uleb128 0x12
 1197 00f4 01       		.uleb128 0x1
 1198 00f5 40       		.uleb128 0x40
 1199 00f6 06       		.uleb128 0x6
 1200 00f7 9642     		.uleb128 0x2116
 1201 00f9 0C       		.uleb128 0xc
 1202 00fa 00       		.byte	0
 1203 00fb 00       		.byte	0
 1204 00fc 14       		.uleb128 0x14
 1205 00fd 2E       		.uleb128 0x2e
 1206 00fe 00       		.byte	0
 1207 00ff 03       		.uleb128 0x3
 1208 0100 0E       		.uleb128 0xe
 1209 0101 3A       		.uleb128 0x3a
 1210 0102 0B       		.uleb128 0xb
 1211 0103 3B       		.uleb128 0x3b
 1212 0104 0B       		.uleb128 0xb
 1213 0105 27       		.uleb128 0x27
 1214 0106 0C       		.uleb128 0xc
 1215 0107 11       		.uleb128 0x11
 1216 0108 01       		.uleb128 0x1
 1217 0109 12       		.uleb128 0x12
 1218 010a 01       		.uleb128 0x1
 1219 010b 40       		.uleb128 0x40
 1220 010c 06       		.uleb128 0x6
 1221 010d 9742     		.uleb128 0x2117
ARM GAS  C:\Users\CAROLI~1\AppData\Local\Temp\ccX1RTOJ.s 			page 28


 1222 010f 0C       		.uleb128 0xc
 1223 0110 00       		.byte	0
 1224 0111 00       		.byte	0
 1225 0112 15       		.uleb128 0x15
 1226 0113 2E       		.uleb128 0x2e
 1227 0114 01       		.byte	0x1
 1228 0115 3F       		.uleb128 0x3f
 1229 0116 0C       		.uleb128 0xc
 1230 0117 03       		.uleb128 0x3
 1231 0118 0E       		.uleb128 0xe
 1232 0119 3A       		.uleb128 0x3a
 1233 011a 0B       		.uleb128 0xb
 1234 011b 3B       		.uleb128 0x3b
 1235 011c 05       		.uleb128 0x5
 1236 011d 27       		.uleb128 0x27
 1237 011e 0C       		.uleb128 0xc
 1238 011f 11       		.uleb128 0x11
 1239 0120 01       		.uleb128 0x1
 1240 0121 12       		.uleb128 0x12
 1241 0122 01       		.uleb128 0x1
 1242 0123 40       		.uleb128 0x40
 1243 0124 06       		.uleb128 0x6
 1244 0125 9642     		.uleb128 0x2116
 1245 0127 0C       		.uleb128 0xc
 1246 0128 00       		.byte	0
 1247 0129 00       		.byte	0
 1248 012a 16       		.uleb128 0x16
 1249 012b 0B       		.uleb128 0xb
 1250 012c 01       		.byte	0x1
 1251 012d 11       		.uleb128 0x11
 1252 012e 01       		.uleb128 0x1
 1253 012f 12       		.uleb128 0x12
 1254 0130 01       		.uleb128 0x1
 1255 0131 00       		.byte	0
 1256 0132 00       		.byte	0
 1257 0133 17       		.uleb128 0x17
 1258 0134 13       		.uleb128 0x13
 1259 0135 01       		.byte	0x1
 1260 0136 0B       		.uleb128 0xb
 1261 0137 0B       		.uleb128 0xb
 1262 0138 3A       		.uleb128 0x3a
 1263 0139 0B       		.uleb128 0xb
 1264 013a 3B       		.uleb128 0x3b
 1265 013b 05       		.uleb128 0x5
 1266 013c 01       		.uleb128 0x1
 1267 013d 13       		.uleb128 0x13
 1268 013e 00       		.byte	0
 1269 013f 00       		.byte	0
 1270 0140 18       		.uleb128 0x18
 1271 0141 0D       		.uleb128 0xd
 1272 0142 00       		.byte	0
 1273 0143 03       		.uleb128 0x3
 1274 0144 0E       		.uleb128 0xe
 1275 0145 3A       		.uleb128 0x3a
 1276 0146 0B       		.uleb128 0xb
 1277 0147 3B       		.uleb128 0x3b
 1278 0148 05       		.uleb128 0x5
ARM GAS  C:\Users\CAROLI~1\AppData\Local\Temp\ccX1RTOJ.s 			page 29


 1279 0149 49       		.uleb128 0x49
 1280 014a 13       		.uleb128 0x13
 1281 014b 38       		.uleb128 0x38
 1282 014c 0A       		.uleb128 0xa
 1283 014d 00       		.byte	0
 1284 014e 00       		.byte	0
 1285 014f 19       		.uleb128 0x19
 1286 0150 16       		.uleb128 0x16
 1287 0151 00       		.byte	0
 1288 0152 03       		.uleb128 0x3
 1289 0153 0E       		.uleb128 0xe
 1290 0154 3A       		.uleb128 0x3a
 1291 0155 0B       		.uleb128 0xb
 1292 0156 3B       		.uleb128 0x3b
 1293 0157 05       		.uleb128 0x5
 1294 0158 49       		.uleb128 0x49
 1295 0159 13       		.uleb128 0x13
 1296 015a 00       		.byte	0
 1297 015b 00       		.byte	0
 1298 015c 1A       		.uleb128 0x1a
 1299 015d 34       		.uleb128 0x34
 1300 015e 00       		.byte	0
 1301 015f 03       		.uleb128 0x3
 1302 0160 0E       		.uleb128 0xe
 1303 0161 3A       		.uleb128 0x3a
 1304 0162 0B       		.uleb128 0xb
 1305 0163 3B       		.uleb128 0x3b
 1306 0164 05       		.uleb128 0x5
 1307 0165 49       		.uleb128 0x49
 1308 0166 13       		.uleb128 0x13
 1309 0167 02       		.uleb128 0x2
 1310 0168 0A       		.uleb128 0xa
 1311 0169 00       		.byte	0
 1312 016a 00       		.byte	0
 1313 016b 1B       		.uleb128 0x1b
 1314 016c 34       		.uleb128 0x34
 1315 016d 00       		.byte	0
 1316 016e 03       		.uleb128 0x3
 1317 016f 08       		.uleb128 0x8
 1318 0170 3A       		.uleb128 0x3a
 1319 0171 0B       		.uleb128 0xb
 1320 0172 3B       		.uleb128 0x3b
 1321 0173 05       		.uleb128 0x5
 1322 0174 49       		.uleb128 0x49
 1323 0175 13       		.uleb128 0x13
 1324 0176 02       		.uleb128 0x2
 1325 0177 0A       		.uleb128 0xa
 1326 0178 00       		.byte	0
 1327 0179 00       		.byte	0
 1328 017a 00       		.byte	0
 1329              		.section	.debug_loc,"",%progbits
 1330              	.Ldebug_loc0:
 1331              	.LLST0:
 1332 0000 00000000 		.4byte	.LFB0
 1333 0004 02000000 		.4byte	.LCFI0
 1334 0008 0200     		.2byte	0x2
 1335 000a 7D       		.byte	0x7d
ARM GAS  C:\Users\CAROLI~1\AppData\Local\Temp\ccX1RTOJ.s 			page 30


 1336 000b 00       		.sleb128 0
 1337 000c 02000000 		.4byte	.LCFI0
 1338 0010 04000000 		.4byte	.LCFI1
 1339 0014 0200     		.2byte	0x2
 1340 0016 7D       		.byte	0x7d
 1341 0017 08       		.sleb128 8
 1342 0018 04000000 		.4byte	.LCFI1
 1343 001c 06000000 		.4byte	.LCFI2
 1344 0020 0200     		.2byte	0x2
 1345 0022 7D       		.byte	0x7d
 1346 0023 10       		.sleb128 16
 1347 0024 06000000 		.4byte	.LCFI2
 1348 0028 1E000000 		.4byte	.LFE0
 1349 002c 0200     		.2byte	0x2
 1350 002e 77       		.byte	0x77
 1351 002f 10       		.sleb128 16
 1352 0030 00000000 		.4byte	0
 1353 0034 00000000 		.4byte	0
 1354              	.LLST1:
 1355 0038 00000000 		.4byte	.LFB1
 1356 003c 02000000 		.4byte	.LCFI3
 1357 0040 0200     		.2byte	0x2
 1358 0042 7D       		.byte	0x7d
 1359 0043 00       		.sleb128 0
 1360 0044 02000000 		.4byte	.LCFI3
 1361 0048 04000000 		.4byte	.LCFI4
 1362 004c 0200     		.2byte	0x2
 1363 004e 7D       		.byte	0x7d
 1364 004f 08       		.sleb128 8
 1365 0050 04000000 		.4byte	.LCFI4
 1366 0054 06000000 		.4byte	.LCFI5
 1367 0058 0200     		.2byte	0x2
 1368 005a 7D       		.byte	0x7d
 1369 005b 18       		.sleb128 24
 1370 005c 06000000 		.4byte	.LCFI5
 1371 0060 22000000 		.4byte	.LFE1
 1372 0064 0200     		.2byte	0x2
 1373 0066 77       		.byte	0x77
 1374 0067 18       		.sleb128 24
 1375 0068 00000000 		.4byte	0
 1376 006c 00000000 		.4byte	0
 1377              	.LLST2:
 1378 0070 00000000 		.4byte	.LFB2
 1379 0074 02000000 		.4byte	.LCFI6
 1380 0078 0200     		.2byte	0x2
 1381 007a 7D       		.byte	0x7d
 1382 007b 00       		.sleb128 0
 1383 007c 02000000 		.4byte	.LCFI6
 1384 0080 04000000 		.4byte	.LCFI7
 1385 0084 0200     		.2byte	0x2
 1386 0086 7D       		.byte	0x7d
 1387 0087 08       		.sleb128 8
 1388 0088 04000000 		.4byte	.LCFI7
 1389 008c 06000000 		.4byte	.LCFI8
 1390 0090 0200     		.2byte	0x2
 1391 0092 7D       		.byte	0x7d
 1392 0093 18       		.sleb128 24
ARM GAS  C:\Users\CAROLI~1\AppData\Local\Temp\ccX1RTOJ.s 			page 31


 1393 0094 06000000 		.4byte	.LCFI8
 1394 0098 22000000 		.4byte	.LFE2
 1395 009c 0200     		.2byte	0x2
 1396 009e 77       		.byte	0x77
 1397 009f 18       		.sleb128 24
 1398 00a0 00000000 		.4byte	0
 1399 00a4 00000000 		.4byte	0
 1400              	.LLST3:
 1401 00a8 00000000 		.4byte	.LFB3
 1402 00ac 02000000 		.4byte	.LCFI9
 1403 00b0 0200     		.2byte	0x2
 1404 00b2 7D       		.byte	0x7d
 1405 00b3 00       		.sleb128 0
 1406 00b4 02000000 		.4byte	.LCFI9
 1407 00b8 04000000 		.4byte	.LCFI10
 1408 00bc 0200     		.2byte	0x2
 1409 00be 7D       		.byte	0x7d
 1410 00bf 08       		.sleb128 8
 1411 00c0 04000000 		.4byte	.LCFI10
 1412 00c4 06000000 		.4byte	.LCFI11
 1413 00c8 0200     		.2byte	0x2
 1414 00ca 7D       		.byte	0x7d
 1415 00cb 18       		.sleb128 24
 1416 00cc 06000000 		.4byte	.LCFI11
 1417 00d0 B0000000 		.4byte	.LFE3
 1418 00d4 0200     		.2byte	0x2
 1419 00d6 77       		.byte	0x77
 1420 00d7 18       		.sleb128 24
 1421 00d8 00000000 		.4byte	0
 1422 00dc 00000000 		.4byte	0
 1423              	.LLST4:
 1424 00e0 B0000000 		.4byte	.LFB4
 1425 00e4 B2000000 		.4byte	.LCFI12
 1426 00e8 0200     		.2byte	0x2
 1427 00ea 7D       		.byte	0x7d
 1428 00eb 00       		.sleb128 0
 1429 00ec B2000000 		.4byte	.LCFI12
 1430 00f0 B4000000 		.4byte	.LCFI13
 1431 00f4 0200     		.2byte	0x2
 1432 00f6 7D       		.byte	0x7d
 1433 00f7 08       		.sleb128 8
 1434 00f8 B4000000 		.4byte	.LCFI13
 1435 00fc 20010000 		.4byte	.LFE4
 1436 0100 0200     		.2byte	0x2
 1437 0102 77       		.byte	0x77
 1438 0103 08       		.sleb128 8
 1439 0104 00000000 		.4byte	0
 1440 0108 00000000 		.4byte	0
 1441              	.LLST5:
 1442 010c 00000000 		.4byte	.LFB5
 1443 0110 02000000 		.4byte	.LCFI14
 1444 0114 0200     		.2byte	0x2
 1445 0116 7D       		.byte	0x7d
 1446 0117 00       		.sleb128 0
 1447 0118 02000000 		.4byte	.LCFI14
 1448 011c 04000000 		.4byte	.LCFI15
 1449 0120 0200     		.2byte	0x2
ARM GAS  C:\Users\CAROLI~1\AppData\Local\Temp\ccX1RTOJ.s 			page 32


 1450 0122 7D       		.byte	0x7d
 1451 0123 08       		.sleb128 8
 1452 0124 04000000 		.4byte	.LCFI15
 1453 0128 08000000 		.4byte	.LFE5
 1454 012c 0200     		.2byte	0x2
 1455 012e 77       		.byte	0x77
 1456 012f 08       		.sleb128 8
 1457 0130 00000000 		.4byte	0
 1458 0134 00000000 		.4byte	0
 1459              	.LLST6:
 1460 0138 20010000 		.4byte	.LFB6
 1461 013c 22010000 		.4byte	.LCFI16
 1462 0140 0200     		.2byte	0x2
 1463 0142 7D       		.byte	0x7d
 1464 0143 00       		.sleb128 0
 1465 0144 22010000 		.4byte	.LCFI16
 1466 0148 24010000 		.4byte	.LCFI17
 1467 014c 0200     		.2byte	0x2
 1468 014e 7D       		.byte	0x7d
 1469 014f 08       		.sleb128 8
 1470 0150 24010000 		.4byte	.LCFI17
 1471 0154 26010000 		.4byte	.LCFI18
 1472 0158 0200     		.2byte	0x2
 1473 015a 7D       		.byte	0x7d
 1474 015b 10       		.sleb128 16
 1475 015c 26010000 		.4byte	.LCFI18
 1476 0160 DC010000 		.4byte	.LFE6
 1477 0164 0200     		.2byte	0x2
 1478 0166 77       		.byte	0x77
 1479 0167 10       		.sleb128 16
 1480 0168 00000000 		.4byte	0
 1481 016c 00000000 		.4byte	0
 1482              		.section	.debug_aranges,"",%progbits
 1483 0000 4C000000 		.4byte	0x4c
 1484 0004 0200     		.2byte	0x2
 1485 0006 00000000 		.4byte	.Ldebug_info0
 1486 000a 04       		.byte	0x4
 1487 000b 00       		.byte	0
 1488 000c 0000     		.2byte	0
 1489 000e 0000     		.2byte	0
 1490 0010 00000000 		.4byte	.LFB0
 1491 0014 1E000000 		.4byte	.LFE0-.LFB0
 1492 0018 00000000 		.4byte	.LFB1
 1493 001c 22000000 		.4byte	.LFE1-.LFB1
 1494 0020 00000000 		.4byte	.LFB2
 1495 0024 22000000 		.4byte	.LFE2-.LFB2
 1496 0028 00000000 		.4byte	.LFB3
 1497 002c B0000000 		.4byte	.LFE3-.LFB3
 1498 0030 B0000000 		.4byte	.LFB4
 1499 0034 70000000 		.4byte	.LFE4-.LFB4
 1500 0038 00000000 		.4byte	.LFB5
 1501 003c 08000000 		.4byte	.LFE5-.LFB5
 1502 0040 20010000 		.4byte	.LFB6
 1503 0044 BC000000 		.4byte	.LFE6-.LFB6
 1504 0048 00000000 		.4byte	0
 1505 004c 00000000 		.4byte	0
 1506              		.section	.debug_ranges,"",%progbits
ARM GAS  C:\Users\CAROLI~1\AppData\Local\Temp\ccX1RTOJ.s 			page 33


 1507              	.Ldebug_ranges0:
 1508 0000 00000000 		.4byte	.LFB0
 1509 0004 1E000000 		.4byte	.LFE0
 1510 0008 00000000 		.4byte	.LFB1
 1511 000c 22000000 		.4byte	.LFE1
 1512 0010 00000000 		.4byte	.LFB2
 1513 0014 22000000 		.4byte	.LFE2
 1514 0018 00000000 		.4byte	.LFB3
 1515 001c B0000000 		.4byte	.LFE3
 1516 0020 B0000000 		.4byte	.LFB4
 1517 0024 20010000 		.4byte	.LFE4
 1518 0028 00000000 		.4byte	.LFB5
 1519 002c 08000000 		.4byte	.LFE5
 1520 0030 20010000 		.4byte	.LFB6
 1521 0034 DC010000 		.4byte	.LFE6
 1522 0038 00000000 		.4byte	0
 1523 003c 00000000 		.4byte	0
 1524              		.section	.debug_line,"",%progbits
 1525              	.Ldebug_line0:
 1526 0000 77010000 		.section	.debug_str,"MS",%progbits,1
 1526      0200D700 
 1526      00000201 
 1526      FB0E0D00 
 1526      01010101 
 1527              	.LASF19:
 1528 0000 72656733 		.ascii	"reg32\000"
 1528      3200
 1529              	.LASF11:
 1530 0006 73697A65 		.ascii	"size_t\000"
 1530      5F7400
 1531              	.LASF38:
 1532 000d 416E616C 		.ascii	"AnalogSetDefault\000"
 1532      6F675365 
 1532      74446566 
 1532      61756C74 
 1532      00
 1533              	.LASF29:
 1534 001e 696D6F5F 		.ascii	"imo_trim_entry_t\000"
 1534      7472696D 
 1534      5F656E74 
 1534      72795F74 
 1534      00
 1535              	.LASF42:
 1536 002f 6366675F 		.ascii	"cfg_memset_list\000"
 1536      6D656D73 
 1536      65745F6C 
 1536      69737400 
 1537              	.LASF37:
 1538 003f 436C6F63 		.ascii	"ClockSetup\000"
 1538      6B536574 
 1538      757000
 1539              	.LASF28:
 1540 004a 746D7063 		.ascii	"tmpco\000"
 1540      6F00
 1541              	.LASF3:
 1542 0050 73686F72 		.ascii	"short unsigned int\000"
 1542      7420756E 
ARM GAS  C:\Users\CAROLI~1\AppData\Local\Temp\ccX1RTOJ.s 			page 34


 1542      7369676E 
 1542      65642069 
 1542      6E7400
 1543              	.LASF2:
 1544 0063 73686F72 		.ascii	"short int\000"
 1544      7420696E 
 1544      7400
 1545              	.LASF24:
 1546 006d 53657449 		.ascii	"SetIMOBGTrims\000"
 1546      4D4F4247 
 1546      5472696D 
 1546      7300
 1547              	.LASF16:
 1548 007b 666C6F61 		.ascii	"float\000"
 1548      7400
 1549              	.LASF34:
 1550 0081 696D6F54 		.ascii	"imoTrimIndex\000"
 1550      72696D49 
 1550      6E646578 
 1550      00
 1551              	.LASF22:
 1552 008e 64657374 		.ascii	"dest\000"
 1552      00
 1553              	.LASF40:
 1554 0093 73697A65 		.ascii	"size\000"
 1554      00
 1555              	.LASF18:
 1556 0098 72656738 		.ascii	"reg8\000"
 1556      00
 1557              	.LASF9:
 1558 009d 6C6F6E67 		.ascii	"long unsigned int\000"
 1558      20756E73 
 1558      69676E65 
 1558      6420696E 
 1558      7400
 1559              	.LASF15:
 1560 00af 696E7433 		.ascii	"int32\000"
 1560      3200
 1561              	.LASF20:
 1562 00b5 43594D45 		.ascii	"CYMEMZERO\000"
 1562      4D5A4552 
 1562      4F00
 1563              	.LASF1:
 1564 00bf 756E7369 		.ascii	"unsigned char\000"
 1564      676E6564 
 1564      20636861 
 1564      7200
 1565              	.LASF17:
 1566 00cd 646F7562 		.ascii	"double\000"
 1566      6C6500
 1567              	.LASF25:
 1568 00d4 696D6F46 		.ascii	"imoFreq\000"
 1568      72657100 
 1569              	.LASF33:
 1570 00dc 494D4F5F 		.ascii	"IMO_TRIM_FREQ_TABLE_ENTRIES\000"
 1570      5452494D 
 1570      5F465245 
ARM GAS  C:\Users\CAROLI~1\AppData\Local\Temp\ccX1RTOJ.s 			page 35


 1570      515F5441 
 1570      424C455F 
 1571              	.LASF13:
 1572 00f8 75696E74 		.ascii	"uint16\000"
 1572      313600
 1573              	.LASF14:
 1574 00ff 75696E74 		.ascii	"uint32\000"
 1574      333200
 1575              	.LASF27:
 1576 0106 6162736F 		.ascii	"absolute\000"
 1576      6C757465 
 1576      00
 1577              	.LASF4:
 1578 010f 756E7369 		.ascii	"unsigned int\000"
 1578      676E6564 
 1578      20696E74 
 1578      00
 1579              	.LASF46:
 1580 011c 63796669 		.ascii	"cyfitter_cfg\000"
 1580      74746572 
 1580      5F636667 
 1580      00
 1581              	.LASF39:
 1582 0129 61646472 		.ascii	"address\000"
 1582      65737300 
 1583              	.LASF6:
 1584 0131 6C6F6E67 		.ascii	"long long unsigned int\000"
 1584      206C6F6E 
 1584      6720756E 
 1584      7369676E 
 1584      65642069 
 1585              	.LASF31:
 1586 0148 696D6F5F 		.ascii	"imo_trim_table_t\000"
 1586      7472696D 
 1586      5F746162 
 1586      6C655F74 
 1586      00
 1587              	.LASF41:
 1588 0159 6366675F 		.ascii	"cfg_memset_t\000"
 1588      6D656D73 
 1588      65745F74 
 1588      00
 1589              	.LASF44:
 1590 0166 2E5C4765 		.ascii	".\\Generated_Source\\PSoC4\\cyfitter_cfg.c\000"
 1590      6E657261 
 1590      7465645F 
 1590      536F7572 
 1590      63655C50 
 1591              	.LASF8:
 1592 018e 73697A65 		.ascii	"sizetype\000"
 1592      74797065 
 1592      00
 1593              	.LASF36:
 1594 0197 73657454 		.ascii	"setTmpCo\000"
 1594      6D70436F 
 1594      00
 1595              	.LASF5:
ARM GAS  C:\Users\CAROLI~1\AppData\Local\Temp\ccX1RTOJ.s 			page 36


 1596 01a0 6C6F6E67 		.ascii	"long long int\000"
 1596      206C6F6E 
 1596      6720696E 
 1596      7400
 1597              	.LASF10:
 1598 01ae 63686172 		.ascii	"char\000"
 1598      00
 1599              	.LASF45:
 1600 01b3 5C5C766D 		.ascii	"\\\\vmware-host\\Shared Folders\\Downloads\\[NATCAR"
 1600      77617265 
 1600      2D686F73 
 1600      745C5368 
 1600      61726564 
 1601 01e1 5D205053 		.ascii	"] PSoC LED PWM\\Design01.cydsn\000"
 1601      6F43204C 
 1601      45442050 
 1601      574D5C44 
 1601      65736967 
 1602              	.LASF26:
 1603 01ff 66726571 		.ascii	"freq\000"
 1603      00
 1604              	.LASF12:
 1605 0204 75696E74 		.ascii	"uint8\000"
 1605      3800
 1606              	.LASF43:
 1607 020a 474E5520 		.ascii	"GNU C 4.7.3 20130312 (release) [ARM/embedded-4_7-br"
 1607      4320342E 
 1607      372E3320 
 1607      32303133 
 1607      30333132 
 1608 023d 616E6368 		.ascii	"anch revision 196615]\000"
 1608      20726576 
 1608      6973696F 
 1608      6E203139 
 1608      36363135 
 1609              	.LASF32:
 1610 0253 696D6F5F 		.ascii	"imo_trim_table\000"
 1610      7472696D 
 1610      5F746162 
 1610      6C6500
 1611              	.LASF7:
 1612 0262 6C6F6E67 		.ascii	"long int\000"
 1612      20696E74 
 1612      00
 1613              	.LASF30:
 1614 026b 656E7472 		.ascii	"entries\000"
 1614      69657300 
 1615              	.LASF35:
 1616 0273 73657441 		.ascii	"setAbs\000"
 1616      627300
 1617              	.LASF0:
 1618 027a 7369676E 		.ascii	"signed char\000"
 1618      65642063 
 1618      68617200 
 1619              	.LASF23:
 1620 0286 4359434F 		.ascii	"CYCONFIGCPYCODE\000"
 1620      4E464947 
ARM GAS  C:\Users\CAROLI~1\AppData\Local\Temp\ccX1RTOJ.s 			page 37


 1620      43505943 
 1620      4F444500 
 1621              	.LASF21:
 1622 0296 4359434F 		.ascii	"CYCONFIGCPY\000"
 1622      4E464947 
 1622      43505900 
 1623              		.ident	"GCC: (GNU Tools for ARM Embedded Processors) 4.7.3 20130312 (release) [ARM/embedded-4_7-br
